This is pdfTeX, Version 3.14159265-2.6-1.40.16 (TeX Live 2015) (preloaded format=pdflatex 2015.5.24)  15 FEB 2016 14:35
entering extended mode
 restricted \write18 enabled.
 %&-line parsing enabled.
**book
(./book.tex
LaTeX2e <2015/01/01>
Babel <3.9l> and hyphenation patterns for 79 languages loaded.
(/usr/local/texlive/2015/texmf-dist/tex/latex/base/book.cls
Document Class: book 2014/09/29 v1.4h Standard LaTeX document class
(/usr/local/texlive/2015/texmf-dist/tex/latex/base/bk12.clo
File: bk12.clo 2014/09/29 v1.4h Standard LaTeX file (size option)
)
\c@part=\count79
\c@chapter=\count80
\c@section=\count81
\c@subsection=\count82
\c@subsubsection=\count83
\c@paragraph=\count84
\c@subparagraph=\count85
\c@figure=\count86
\c@table=\count87
\abovecaptionskip=\skip41
\belowcaptionskip=\skip42
\bibindent=\dimen102
)
(/usr/local/texlive/2015/texmf-dist/tex/latex/geometry/geometry.sty
Package: geometry 2010/09/12 v5.6 Page Geometry

(/usr/local/texlive/2015/texmf-dist/tex/latex/graphics/keyval.sty
Package: keyval 2014/10/28 v1.15 key=value parser (DPC)
\KV@toks@=\toks14
)
(/usr/local/texlive/2015/texmf-dist/tex/generic/oberdiek/ifpdf.sty
Package: ifpdf 2011/01/30 v2.3 Provides the ifpdf switch (HO)
Package ifpdf Info: pdfTeX in PDF mode is detected.
)
(/usr/local/texlive/2015/texmf-dist/tex/generic/oberdiek/ifvtex.sty
Package: ifvtex 2010/03/01 v1.5 Detect VTeX and its facilities (HO)
Package ifvtex Info: VTeX not detected.
)
(/usr/local/texlive/2015/texmf-dist/tex/generic/ifxetex/ifxetex.sty
Package: ifxetex 2010/09/12 v0.6 Provides ifxetex conditional
)
\Gm@cnth=\count88
\Gm@cntv=\count89
\c@Gm@tempcnt=\count90
\Gm@bindingoffset=\dimen103
\Gm@wd@mp=\dimen104
\Gm@odd@mp=\dimen105
\Gm@even@mp=\dimen106
\Gm@layoutwidth=\dimen107
\Gm@layoutheight=\dimen108
\Gm@layouthoffset=\dimen109
\Gm@layoutvoffset=\dimen110
\Gm@dimlist=\toks15
)
(/usr/local/texlive/2015/texmf-dist/tex/latex/base/fontenc.sty
Package: fontenc 2005/09/27 v1.99g Standard LaTeX package

(/usr/local/texlive/2015/texmf-dist/tex/latex/base/t1enc.def
File: t1enc.def 2005/09/27 v1.99g Standard LaTeX file
LaTeX Font Info:    Redeclaring font encoding T1 on input line 48.
))
(/usr/local/texlive/2015/texmf-dist/tex/latex/base/textcomp.sty
Package: textcomp 2005/09/27 v1.99g Standard LaTeX package
Package textcomp Info: Sub-encoding information:
(textcomp)               5 = only ISO-Adobe without \textcurrency
(textcomp)               4 = 5 + \texteuro
(textcomp)               3 = 4 + \textohm
(textcomp)               2 = 3 + \textestimated + \textcurrency
(textcomp)               1 = TS1 - \textcircled - \t
(textcomp)               0 = TS1 (full)
(textcomp)             Font families with sub-encoding setting implement
(textcomp)             only a restricted character set as indicated.
(textcomp)             Family '?' is the default used for unknown fonts.
(textcomp)             See the documentation for details.
Package textcomp Info: Setting ? sub-encoding to TS1/1 on input line 79.

(/usr/local/texlive/2015/texmf-dist/tex/latex/base/ts1enc.def
File: ts1enc.def 2001/06/05 v3.0e (jk/car/fm) Standard LaTeX file
)
LaTeX Info: Redefining \oldstylenums on input line 334.
Package textcomp Info: Setting cmr sub-encoding to TS1/0 on input line 349.
Package textcomp Info: Setting cmss sub-encoding to TS1/0 on input line 350.
Package textcomp Info: Setting cmtt sub-encoding to TS1/0 on input line 351.
Package textcomp Info: Setting cmvtt sub-encoding to TS1/0 on input line 352.
Package textcomp Info: Setting cmbr sub-encoding to TS1/0 on input line 353.
Package textcomp Info: Setting cmtl sub-encoding to TS1/0 on input line 354.
Package textcomp Info: Setting ccr sub-encoding to TS1/0 on input line 355.
Package textcomp Info: Setting ptm sub-encoding to TS1/4 on input line 356.
Package textcomp Info: Setting pcr sub-encoding to TS1/4 on input line 357.
Package textcomp Info: Setting phv sub-encoding to TS1/4 on input line 358.
Package textcomp Info: Setting ppl sub-encoding to TS1/3 on input line 359.
Package textcomp Info: Setting pag sub-encoding to TS1/4 on input line 360.
Package textcomp Info: Setting pbk sub-encoding to TS1/4 on input line 361.
Package textcomp Info: Setting pnc sub-encoding to TS1/4 on input line 362.
Package textcomp Info: Setting pzc sub-encoding to TS1/4 on input line 363.
Package textcomp Info: Setting bch sub-encoding to TS1/4 on input line 364.
Package textcomp Info: Setting put sub-encoding to TS1/5 on input line 365.
Package textcomp Info: Setting uag sub-encoding to TS1/5 on input line 366.
Package textcomp Info: Setting ugq sub-encoding to TS1/5 on input line 367.
Package textcomp Info: Setting ul8 sub-encoding to TS1/4 on input line 368.
Package textcomp Info: Setting ul9 sub-encoding to TS1/4 on input line 369.
Package textcomp Info: Setting augie sub-encoding to TS1/5 on input line 370.
Package textcomp Info: Setting dayrom sub-encoding to TS1/3 on input line 371.
Package textcomp Info: Setting dayroms sub-encoding to TS1/3 on input line 372.

Package textcomp Info: Setting pxr sub-encoding to TS1/0 on input line 373.
Package textcomp Info: Setting pxss sub-encoding to TS1/0 on input line 374.
Package textcomp Info: Setting pxtt sub-encoding to TS1/0 on input line 375.
Package textcomp Info: Setting txr sub-encoding to TS1/0 on input line 376.
Package textcomp Info: Setting txss sub-encoding to TS1/0 on input line 377.
Package textcomp Info: Setting txtt sub-encoding to TS1/0 on input line 378.
Package textcomp Info: Setting lmr sub-encoding to TS1/0 on input line 379.
Package textcomp Info: Setting lmdh sub-encoding to TS1/0 on input line 380.
Package textcomp Info: Setting lmss sub-encoding to TS1/0 on input line 381.
Package textcomp Info: Setting lmssq sub-encoding to TS1/0 on input line 382.
Package textcomp Info: Setting lmvtt sub-encoding to TS1/0 on input line 383.
Package textcomp Info: Setting lmtt sub-encoding to TS1/0 on input line 384.
Package textcomp Info: Setting qhv sub-encoding to TS1/0 on input line 385.
Package textcomp Info: Setting qag sub-encoding to TS1/0 on input line 386.
Package textcomp Info: Setting qbk sub-encoding to TS1/0 on input line 387.
Package textcomp Info: Setting qcr sub-encoding to TS1/0 on input line 388.
Package textcomp Info: Setting qcs sub-encoding to TS1/0 on input line 389.
Package textcomp Info: Setting qpl sub-encoding to TS1/0 on input line 390.
Package textcomp Info: Setting qtm sub-encoding to TS1/0 on input line 391.
Package textcomp Info: Setting qzc sub-encoding to TS1/0 on input line 392.
Package textcomp Info: Setting qhvc sub-encoding to TS1/0 on input line 393.
Package textcomp Info: Setting futs sub-encoding to TS1/4 on input line 394.
Package textcomp Info: Setting futx sub-encoding to TS1/4 on input line 395.
Package textcomp Info: Setting futj sub-encoding to TS1/4 on input line 396.
Package textcomp Info: Setting hlh sub-encoding to TS1/3 on input line 397.
Package textcomp Info: Setting hls sub-encoding to TS1/3 on input line 398.
Package textcomp Info: Setting hlst sub-encoding to TS1/3 on input line 399.
Package textcomp Info: Setting hlct sub-encoding to TS1/5 on input line 400.
Package textcomp Info: Setting hlx sub-encoding to TS1/5 on input line 401.
Package textcomp Info: Setting hlce sub-encoding to TS1/5 on input line 402.
Package textcomp Info: Setting hlcn sub-encoding to TS1/5 on input line 403.
Package textcomp Info: Setting hlcw sub-encoding to TS1/5 on input line 404.
Package textcomp Info: Setting hlcf sub-encoding to TS1/5 on input line 405.
Package textcomp Info: Setting pplx sub-encoding to TS1/3 on input line 406.
Package textcomp Info: Setting pplj sub-encoding to TS1/3 on input line 407.
Package textcomp Info: Setting ptmx sub-encoding to TS1/4 on input line 408.
Package textcomp Info: Setting ptmj sub-encoding to TS1/4 on input line 409.
)
(/usr/local/texlive/2015/texmf-dist/tex/latex/psnfss/mathpazo.sty
Package: mathpazo 2005/04/12 PSNFSS-v9.2a Palatino w/ Pazo Math (D.Puga, WaS) 
\symupright=\mathgroup4
)
(/usr/local/texlive/2015/texmf-dist/tex/latex/url/url.sty
\Urlmuskip=\muskip10
Package: url 2013/09/16  ver 3.4  Verb mode for urls, etc.
)
(/usr/local/texlive/2015/texmf-dist/tex/latex/graphics/graphicx.sty
Package: graphicx 2014/10/28 v1.0g Enhanced LaTeX Graphics (DPC,SPQR)

(/usr/local/texlive/2015/texmf-dist/tex/latex/graphics/graphics.sty
Package: graphics 2014/10/28 v1.0p Standard LaTeX Graphics (DPC,SPQR)

(/usr/local/texlive/2015/texmf-dist/tex/latex/graphics/trig.sty
Package: trig 1999/03/16 v1.09 sin cos tan (DPC)
)
(/usr/local/texlive/2015/texmf-dist/tex/latex/latexconfig/graphics.cfg
File: graphics.cfg 2010/04/23 v1.9 graphics configuration of TeX Live
)
Package graphics Info: Driver file: pdftex.def on input line 94.

(/usr/local/texlive/2015/texmf-dist/tex/latex/pdftex-def/pdftex.def
File: pdftex.def 2011/05/27 v0.06d Graphics/color for pdfTeX

(/usr/local/texlive/2015/texmf-dist/tex/generic/oberdiek/infwarerr.sty
Package: infwarerr 2010/04/08 v1.3 Providing info/warning/error messages (HO)
)
(/usr/local/texlive/2015/texmf-dist/tex/generic/oberdiek/ltxcmds.sty
Package: ltxcmds 2011/11/09 v1.22 LaTeX kernel commands for general use (HO)
)
\Gread@gobject=\count91
))
\Gin@req@height=\dimen111
\Gin@req@width=\dimen112
)
(/usr/local/texlive/2015/texmf-dist/tex/latex/subfig/subfig.sty
Package: subfig 2005/06/28 ver: 1.3 subfig package

(/usr/local/texlive/2015/texmf-dist/tex/latex/caption/caption.sty
Package: caption 2013/05/02 v3.3-89 Customizing captions (AR)

(/usr/local/texlive/2015/texmf-dist/tex/latex/caption/caption3.sty
Package: caption3 2013/05/02 v1.6-88 caption3 kernel (AR)
Package caption3 Info: TeX engine: e-TeX on input line 57.
\captionmargin=\dimen113
\captionmargin@=\dimen114
\captionwidth=\dimen115
\caption@tempdima=\dimen116
\caption@indent=\dimen117
\caption@parindent=\dimen118
\caption@hangindent=\dimen119
)
\c@ContinuedFloat=\count92
)
\c@KVtest=\count93
\sf@farskip=\skip43
\sf@captopadj=\dimen120
\sf@capskip=\skip44
\sf@nearskip=\skip45
\c@subfigure=\count94
\c@subfigure@save=\count95
\c@lofdepth=\count96
\c@subtable=\count97
\c@subtable@save=\count98
\c@lotdepth=\count99
\sf@top=\skip46
\sf@bottom=\skip47
)
(/usr/local/texlive/2015/texmf-dist/tex/latex/amsmath/amsmath.sty
Package: amsmath 2013/01/14 v2.14 AMS math features
\@mathmargin=\skip48

For additional information on amsmath, use the `?' option.
(/usr/local/texlive/2015/texmf-dist/tex/latex/amsmath/amstext.sty
Package: amstext 2000/06/29 v2.01

(/usr/local/texlive/2015/texmf-dist/tex/latex/amsmath/amsgen.sty
File: amsgen.sty 1999/11/30 v2.0
\@emptytoks=\toks16
\ex@=\dimen121
))
(/usr/local/texlive/2015/texmf-dist/tex/latex/amsmath/amsbsy.sty
Package: amsbsy 1999/11/29 v1.2d
\pmbraise@=\dimen122
)
(/usr/local/texlive/2015/texmf-dist/tex/latex/amsmath/amsopn.sty
Package: amsopn 1999/12/14 v2.01 operator names
)
\inf@bad=\count100
LaTeX Info: Redefining \frac on input line 210.
\uproot@=\count101
\leftroot@=\count102
LaTeX Info: Redefining \overline on input line 306.
\classnum@=\count103
\DOTSCASE@=\count104
LaTeX Info: Redefining \ldots on input line 378.
LaTeX Info: Redefining \dots on input line 381.
LaTeX Info: Redefining \cdots on input line 466.
\Mathstrutbox@=\box26
\strutbox@=\box27
\big@size=\dimen123
LaTeX Font Info:    Redeclaring font encoding OML on input line 566.
LaTeX Font Info:    Redeclaring font encoding OMS on input line 567.
\macc@depth=\count105
\c@MaxMatrixCols=\count106
\dotsspace@=\muskip11
\c@parentequation=\count107
\dspbrk@lvl=\count108
\tag@help=\toks17
\row@=\count109
\column@=\count110
\maxfields@=\count111
\andhelp@=\toks18
\eqnshift@=\dimen124
\alignsep@=\dimen125
\tagshift@=\dimen126
\tagwidth@=\dimen127
\totwidth@=\dimen128
\lineht@=\dimen129
\@envbody=\toks19
\multlinegap=\skip49
\multlinetaggap=\skip50
\mathdisplay@stack=\toks20
LaTeX Info: Redefining \[ on input line 2665.
LaTeX Info: Redefining \] on input line 2666.
)
(/usr/local/texlive/2015/texmf-dist/tex/latex/amscls/amsthm.sty
Package: amsthm 2015/03/04 v2.20.2
\thm@style=\toks21
\thm@bodyfont=\toks22
\thm@headfont=\toks23
\thm@notefont=\toks24
\thm@headpunct=\toks25
\thm@preskip=\skip51
\thm@postskip=\skip52
\thm@headsep=\skip53
\dth@everypar=\toks26
)
(/usr/local/texlive/2015/texmf-dist/tex/latex/base/makeidx.sty
Package: makeidx 2014/09/29 v1.0m Standard LaTeX package
)
(/usr/local/texlive/2015/texmf-dist/tex/latex/setspace/setspace.sty
Package: setspace 2011/12/19 v6.7a set line spacing
)
(./hevea.sty
Package: hevea 2002/01/11
 (/usr/local/texlive/2015/texmf-dist/tex/latex/comment/comment.sty
\CommentStream=\write3

Excluding comment 'comment')
\c@cuttingdepth=\count112
 Excluding comment 'rawhtml'
Excluding comment 'htmlonly'
\@bgcolorbin=\box28
)
(/usr/local/texlive/2015/texmf-dist/tex/latex/upquote/upquote.sty
Package: upquote 2012/04/19 v1.3 upright-quote and grave-accent glyphs in verba
tim
)
(/usr/local/texlive/2015/texmf-dist/tex/latex/fancyhdr/fancyhdr.sty
\fancy@headwidth=\skip54
\f@ncyO@elh=\skip55
\f@ncyO@erh=\skip56
\f@ncyO@olh=\skip57
\f@ncyO@orh=\skip58
\f@ncyO@elf=\skip59
\f@ncyO@erf=\skip60
\f@ncyO@olf=\skip61
\f@ncyO@orf=\skip62
)
(/usr/local/texlive/2015/texmf-dist/tex/latex/hyperref/hyperref.sty
Package: hyperref 2012/11/06 v6.83m Hypertext links for LaTeX

(/usr/local/texlive/2015/texmf-dist/tex/generic/oberdiek/hobsub-hyperref.sty
Package: hobsub-hyperref 2012/05/28 v1.13 Bundle oberdiek, subset hyperref (HO)


(/usr/local/texlive/2015/texmf-dist/tex/generic/oberdiek/hobsub-generic.sty
Package: hobsub-generic 2012/05/28 v1.13 Bundle oberdiek, subset generic (HO)
Package: hobsub 2012/05/28 v1.13 Construct package bundles (HO)
Package hobsub Info: Skipping package `infwarerr' (already loaded).
Package hobsub Info: Skipping package `ltxcmds' (already loaded).
Package: ifluatex 2010/03/01 v1.3 Provides the ifluatex switch (HO)
Package ifluatex Info: LuaTeX not detected.
Package hobsub Info: Skipping package `ifvtex' (already loaded).
Package: intcalc 2007/09/27 v1.1 Expandable calculations with integers (HO)
Package hobsub Info: Skipping package `ifpdf' (already loaded).
Package: etexcmds 2011/02/16 v1.5 Avoid name clashes with e-TeX commands (HO)
Package etexcmds Info: Could not find \expanded.
(etexcmds)             That can mean that you are not using pdfTeX 1.50 or
(etexcmds)             that some package has redefined \expanded.
(etexcmds)             In the latter case, load this package earlier.
Package: kvsetkeys 2012/04/25 v1.16 Key value parser (HO)
Package: kvdefinekeys 2011/04/07 v1.3 Define keys (HO)
Package: pdftexcmds 2011/11/29 v0.20 Utility functions of pdfTeX for LuaTeX (HO
)
Package pdftexcmds Info: LuaTeX not detected.
Package pdftexcmds Info: \pdf@primitive is available.
Package pdftexcmds Info: \pdf@ifprimitive is available.
Package pdftexcmds Info: \pdfdraftmode found.
Package: pdfescape 2011/11/25 v1.13 Implements pdfTeX's escape features (HO)
Package: bigintcalc 2012/04/08 v1.3 Expandable calculations on big integers (HO
)
Package: bitset 2011/01/30 v1.1 Handle bit-vector datatype (HO)
Package: uniquecounter 2011/01/30 v1.2 Provide unlimited unique counter (HO)
)
Package hobsub Info: Skipping package `hobsub' (already loaded).
Package: letltxmacro 2010/09/02 v1.4 Let assignment for LaTeX macros (HO)
Package: hopatch 2012/05/28 v1.2 Wrapper for package hooks (HO)
Package: xcolor-patch 2011/01/30 xcolor patch
Package: atveryend 2011/06/30 v1.8 Hooks at the very end of document (HO)
Package atveryend Info: \enddocument detected (standard20110627).
Package: atbegshi 2011/10/05 v1.16 At begin shipout hook (HO)
Package: refcount 2011/10/16 v3.4 Data extraction from label references (HO)
Package: hycolor 2011/01/30 v1.7 Color options for hyperref/bookmark (HO)
)
(/usr/local/texlive/2015/texmf-dist/tex/latex/oberdiek/auxhook.sty
Package: auxhook 2011/03/04 v1.3 Hooks for auxiliary files (HO)
)
(/usr/local/texlive/2015/texmf-dist/tex/latex/oberdiek/kvoptions.sty
Package: kvoptions 2011/06/30 v3.11 Key value format for package options (HO)
)
\@linkdim=\dimen130
\Hy@linkcounter=\count113
\Hy@pagecounter=\count114

(/usr/local/texlive/2015/texmf-dist/tex/latex/hyperref/pd1enc.def
File: pd1enc.def 2012/11/06 v6.83m Hyperref: PDFDocEncoding definition (HO)
)
\Hy@SavedSpaceFactor=\count115

(/usr/local/texlive/2015/texmf-dist/tex/latex/latexconfig/hyperref.cfg
File: hyperref.cfg 2002/06/06 v1.2 hyperref configuration of TeXLive
)
Package hyperref Info: Option `bookmarks' set `true' on input line 4319.
Package hyperref Info: Hyper figures OFF on input line 4443.
Package hyperref Info: Link nesting OFF on input line 4448.
Package hyperref Info: Hyper index ON on input line 4451.
Package hyperref Info: Plain pages OFF on input line 4458.
Package hyperref Info: Backreferencing OFF on input line 4463.
Package hyperref Info: Implicit mode ON; LaTeX internals redefined.
Package hyperref Info: Bookmarks ON on input line 4688.
\c@Hy@tempcnt=\count116
LaTeX Info: Redefining \url on input line 5041.
\XeTeXLinkMargin=\dimen131
\Fld@menulength=\count117
\Field@Width=\dimen132
\Fld@charsize=\dimen133
Package hyperref Info: Hyper figures OFF on input line 6295.
Package hyperref Info: Link nesting OFF on input line 6300.
Package hyperref Info: Hyper index ON on input line 6303.
Package hyperref Info: backreferencing OFF on input line 6310.
Package hyperref Info: Link coloring OFF on input line 6315.
Package hyperref Info: Link coloring with OCG OFF on input line 6320.
Package hyperref Info: PDF/A mode OFF on input line 6325.
LaTeX Info: Redefining \ref on input line 6365.
LaTeX Info: Redefining \pageref on input line 6369.
\Hy@abspage=\count118
\c@Item=\count119
\c@Hfootnote=\count120
)

Package hyperref Message: Driver (autodetected): hpdftex.

(/usr/local/texlive/2015/texmf-dist/tex/latex/hyperref/hpdftex.def
File: hpdftex.def 2012/11/06 v6.83m Hyperref driver for pdfTeX
\Fld@listcount=\count121
\c@bookmark@seq@number=\count122

(/usr/local/texlive/2015/texmf-dist/tex/latex/oberdiek/rerunfilecheck.sty
Package: rerunfilecheck 2011/04/15 v1.7 Rerun checks for auxiliary files (HO)
Package uniquecounter Info: New unique counter `rerunfilecheck' on input line 2
82.
)
\Hy@SectionHShift=\skip63
)
\@indexfile=\write4
\openout4 = `book.idx'.


Writing index file book.idx
(./book.aux)
\openout1 = `book.aux'.

LaTeX Font Info:    Checking defaults for OML/cmm/m/it on input line 52.
LaTeX Font Info:    ... okay on input line 52.
LaTeX Font Info:    Checking defaults for T1/cmr/m/n on input line 52.
LaTeX Font Info:    ... okay on input line 52.
LaTeX Font Info:    Checking defaults for OT1/cmr/m/n on input line 52.
LaTeX Font Info:    ... okay on input line 52.
LaTeX Font Info:    Checking defaults for OMS/cmsy/m/n on input line 52.
LaTeX Font Info:    ... okay on input line 52.
LaTeX Font Info:    Checking defaults for OMX/cmex/m/n on input line 52.
LaTeX Font Info:    ... okay on input line 52.
LaTeX Font Info:    Checking defaults for U/cmr/m/n on input line 52.
LaTeX Font Info:    ... okay on input line 52.
LaTeX Font Info:    Checking defaults for TS1/cmr/m/n on input line 52.
LaTeX Font Info:    Try loading font information for TS1+cmr on input line 52.
 (/usr/local/texlive/2015/texmf-dist/tex/latex/base/ts1cmr.fd
File: ts1cmr.fd 2014/09/29 v2.5h Standard LaTeX font definitions
)
LaTeX Font Info:    ... okay on input line 52.
LaTeX Font Info:    Checking defaults for PD1/pdf/m/n on input line 52.
LaTeX Font Info:    ... okay on input line 52.
LaTeX Font Info:    Try loading font information for T1+ppl on input line 52.

(/usr/local/texlive/2015/texmf-dist/tex/latex/psnfss/t1ppl.fd
File: t1ppl.fd 2001/06/04 font definitions for T1/ppl.
)
*geometry* driver: auto-detecting
*geometry* detected driver: pdftex
*geometry* verbose mode - [ preamble ] result:
* driver: pdftex
* paper: <default>
* layout: <same size as paper>
* layoutoffset:(h,v)=(0.0pt,0.0pt)
* hratio: 3:2
* vratio: 1:1
* modes: twoside 
* h-part:(L,W,R)=(130.086pt, 397.48499pt, 86.72401pt)
* v-part:(T,H,B)=(90.3375pt, 614.295pt, 90.3375pt)
* \paperwidth=614.295pt
* \paperheight=794.96999pt
* \textwidth=397.48499pt
* \textheight=614.295pt
* \oddsidemargin=57.81601pt
* \evensidemargin=14.45403pt
* \topmargin=-13.80629pt
* \headheight=12.0pt
* \headsep=19.8738pt
* \topskip=12.0pt
* \footskip=30.0pt
* \marginparwidth=98.0pt
* \marginparsep=7.0pt
* \columnsep=10.0pt
* \skip\footins=10.8pt plus 4.0pt minus 2.0pt
* \hoffset=0.0pt
* \voffset=0.0pt
* \mag=1000
* \@twocolumnfalse
* \@twosidetrue
* \@mparswitchtrue
* \@reversemarginfalse
* (1in=72.27pt=25.4mm, 1cm=28.453pt)

(/usr/local/texlive/2015/texmf-dist/tex/context/base/supp-pdf.mkii
[Loading MPS to PDF converter (version 2006.09.02).]
\scratchcounter=\count123
\scratchdimen=\dimen134
\scratchbox=\box29
\nofMPsegments=\count124
\nofMParguments=\count125
\everyMPshowfont=\toks27
\MPscratchCnt=\count126
\MPscratchDim=\dimen135
\MPnumerator=\count127
\makeMPintoPDFobject=\count128
\everyMPtoPDFconversion=\toks28
) (/usr/local/texlive/2015/texmf-dist/tex/latex/oberdiek/epstopdf-base.sty
Package: epstopdf-base 2010/02/09 v2.5 Base part for package epstopdf

(/usr/local/texlive/2015/texmf-dist/tex/latex/oberdiek/grfext.sty
Package: grfext 2010/08/19 v1.1 Manage graphics extensions (HO)
)
Package grfext Info: Graphics extension search list:
(grfext)             [.png,.pdf,.jpg,.mps,.jpeg,.jbig2,.jb2,.PNG,.PDF,.JPG,.JPE
G,.JBIG2,.JB2,.eps]
(grfext)             \AppendGraphicsExtensions on input line 452.

(/usr/local/texlive/2015/texmf-dist/tex/latex/latexconfig/epstopdf-sys.cfg
File: epstopdf-sys.cfg 2010/07/13 v1.3 Configuration of (r)epstopdf for TeX Liv
e
))
Package caption Info: Begin \AtBeginDocument code.
Package caption Info: subfig package v1.3 is loaded.
Package caption Info: hyperref package is loaded.
Package caption Info: End \AtBeginDocument code.
\AtBeginShipoutBox=\box30
Package hyperref Info: Link coloring OFF on input line 52.

(/usr/local/texlive/2015/texmf-dist/tex/latex/hyperref/nameref.sty
Package: nameref 2012/10/27 v2.43 Cross-referencing by name of section

(/usr/local/texlive/2015/texmf-dist/tex/generic/oberdiek/gettitlestring.sty
Package: gettitlestring 2010/12/03 v1.4 Cleanup title references (HO)
)
\c@section@level=\count129
)
LaTeX Info: Redefining \ref on input line 52.
LaTeX Info: Redefining \pageref on input line 52.
LaTeX Info: Redefining \nameref on input line 52.

(./book.out) (./book.out)
\@outlinefile=\write5
\openout5 = `book.out'.

\c@exercise=\count130
 (./latexonly) [1


{/usr/local/texlive/2015/texmf-var/fonts/map/pdftex/updmap/pdftex.map}] [2] [3]
LaTeX Font Info:    Try loading font information for TS1+ppl on input line 152.


(/usr/local/texlive/2015/texmf-dist/tex/latex/psnfss/ts1ppl.fd
File: ts1ppl.fd 2001/06/04 font definitions for TS1/ppl.
)
LaTeX Font Info:    Try loading font information for T1+cmtt on input line 165.


(/usr/local/texlive/2015/texmf-dist/tex/latex/base/t1cmtt.fd
File: t1cmtt.fd 2014/09/29 v2.5h Standard LaTeX font definitions
)
LaTeX Font Info:    Try loading font information for OT1+ppl on input line 165.


(/usr/local/texlive/2015/texmf-dist/tex/latex/psnfss/ot1ppl.fd
File: ot1ppl.fd 2001/06/04 font definitions for OT1/ppl.
)
LaTeX Font Info:    Try loading font information for OML+zplm on input line 165
.

(/usr/local/texlive/2015/texmf-dist/tex/latex/psnfss/omlzplm.fd
File: omlzplm.fd 2002/09/08 Fontinst v1.914 font definitions for OML/zplm.
)
LaTeX Font Info:    Try loading font information for OMS+zplm on input line 165
.

(/usr/local/texlive/2015/texmf-dist/tex/latex/psnfss/omszplm.fd
File: omszplm.fd 2002/09/08 Fontinst v1.914 font definitions for OMS/zplm.
)
LaTeX Font Info:    Try loading font information for OMX+zplm on input line 165
.

(/usr/local/texlive/2015/texmf-dist/tex/latex/psnfss/omxzplm.fd
File: omxzplm.fd 2002/09/08 Fontinst v1.914 font definitions for OMX/zplm.
)
LaTeX Font Info:    Try loading font information for OT1+zplm on input line 165
.

(/usr/local/texlive/2015/texmf-dist/tex/latex/psnfss/ot1zplm.fd
File: ot1zplm.fd 2002/09/08 Fontinst v1.914 font definitions for OT1/zplm.
)
Excluding 'htmlonly' comment. [4]
LaTeX Font Info:    Font shape `T1/ppl/bx/n' in size <24.88> not available
(Font)              Font shape `T1/ppl/b/n' tried instead on input line 202.
LaTeX Font Info:    Font shape `T1/ppl/bx/n' in size <17.28> not available
(Font)              Font shape `T1/ppl/b/n' tried instead on input line 230.


Package Fancyhdr Warning: \headheight is too small (12.0pt): 
 Make it at least 14.49998pt.
 We now make it that large for the rest of the document.
 This may cause the page layout to be inconsistent, however.

[5

]
LaTeX Font Info:    Try loading font information for T1+cmss on input line 273.

 (/usr/local/texlive/2015/texmf-dist/tex/latex/base/t1cmss.fd
File: t1cmss.fd 2014/09/29 v2.5h Standard LaTeX font definitions
)
LaTeX Font Info:    Font shape `T1/ppl/bx/n' in size <12> not available
(Font)              Font shape `T1/ppl/b/n' tried instead on input line 316.
 [6]
Underfull \hbox (badness 1783) in paragraph at lines 328--333
\T1/ppl/m/n/12 with the doc-u-men-ta-tion at []$\T1/cmtt/m/n/12 http : / / ipyt
hon . org / ipython-[]doc / stable /
 []


Underfull \hbox (badness 10000) in paragraph at lines 340--345
\T1/ppl/m/n/12 If you have a sug-ges-tion or cor-rec-tion, please send email to

 []


Underfull \hbox (badness 1584) in paragraph at lines 340--345
\T1/cmtt/m/n/12 downey@allendowney.com\T1/ppl/m/n/12 . If I make a change based
 on your feed-
 []

[7] [8] (./book.toc [9


] [10] [11])
\tf@toc=\write6
\openout6 = `book.toc'.

 [12]
Chapter 1.
<figs/sounds1.pdf, id=546, 578.16pt x 433.62pt>
File: figs/sounds1.pdf Graphic file (type pdf)
 <use figs/sounds1.pdf>
Package pdftex.def Info: figs/sounds1.pdf used on input line 477.
(pdftex.def)             Requested size: 240.90234pt x 180.67499pt.
 [1



]
<figs/sounds2.pdf, id=555, 578.16pt x 433.62pt>
File: figs/sounds2.pdf Graphic file (type pdf)
 <use figs/sounds2.pdf>
Package pdftex.def Info: figs/sounds2.pdf used on input line 511.
(pdftex.def)             Requested size: 240.90234pt x 180.67499pt.
 [2 <./figs/sounds1.pdf>] <figs/sounds3.pdf, id=587, 578.16pt x 433.62pt>
File: figs/sounds3.pdf Graphic file (type pdf)

<use figs/sounds3.pdf>
Package pdftex.def Info: figs/sounds3.pdf used on input line 542.
(pdftex.def)             Requested size: 240.90234pt x 180.67499pt.
 [3 <./figs/sounds2.pdf>] [4 <./figs/sounds3.pdf>]
[5] <figs/sounds4.pdf, id=671, 578.16pt x 433.62pt>
File: figs/sounds4.pdf Graphic file (type pdf)
 <use figs/sounds4.pdf>
Package pdftex.def Info: figs/sounds4.pdf used on input line 697.
(pdftex.def)             Requested size: 240.90234pt x 180.67499pt.

[6 <./figs/sounds4.pdf>]
LaTeX Font Info:    Try loading font information for TS1+cmtt on input line 730
.

(/usr/local/texlive/2015/texmf-dist/tex/latex/base/ts1cmtt.fd
File: ts1cmtt.fd 2014/09/29 v2.5h Standard LaTeX font definitions
) [7]
<figs/uml_diagram1.pdf, id=709, 496.85625pt x 63.23625pt>
File: figs/uml_diagram1.pdf Graphic file (type pdf)

<use figs/uml_diagram1.pdf>
Package pdftex.def Info: figs/uml_diagram1.pdf used on input line 815.
(pdftex.def)             Requested size: 252.94499pt x 32.19312pt.
 [8 <./figs/uml_diagram1.pdf>]
Overfull \hbox (3.79202pt too wide) in paragraph at lines 884--884
[]    \T1/cmtt/m/n/12 def __init__(self, freq=440, amp=1.0, offset=0, func=np.s
in):[] 
 []

[9] [10]
Underfull \hbox (badness 1137) in paragraph at lines 1002--1007
[]\T1/ppl/b/n/12 Exercise 1.3 \T1/ppl/m/n/12 Syn-the-size a com-pound sig-nal b
y cre-at-ing SinSignal and
 []

[11] [12

]
Chapter 2.
<figs/triangle-200-1.pdf, id=791, 578.16pt x 433.62pt>
File: figs/triangle-200-1.pdf Graphic file (type pdf)

<use figs/triangle-200-1.pdf>
Package pdftex.def Info: figs/triangle-200-1.pdf used on input line 1043.
(pdftex.def)             Requested size: 240.90234pt x 180.67499pt.
 [13]
<figs/triangle-200-2.pdf, id=802, 578.16pt x 433.62pt>
File: figs/triangle-200-2.pdf Graphic file (type pdf)

<use figs/triangle-200-2.pdf>
Package pdftex.def Info: figs/triangle-200-2.pdf used on input line 1102.
(pdftex.def)             Requested size: 240.90234pt x 180.67499pt.
 [14 <./figs/triangle-200-1.pdf>]
<figs/square-100-1.pdf, id=835, 578.16pt x 433.62pt>
File: figs/square-100-1.pdf Graphic file (type pdf)

<use figs/square-100-1.pdf>
Package pdftex.def Info: figs/square-100-1.pdf used on input line 1141.
(pdftex.def)             Requested size: 240.90234pt x 180.67499pt.
 [15 <./figs/triangle-200-2.pdf>]
<figs/square-100-2.pdf, id=874, 578.16pt x 433.62pt>
File: figs/square-100-2.pdf Graphic file (type pdf)

<use figs/square-100-2.pdf>
Package pdftex.def Info: figs/square-100-2.pdf used on input line 1174.
(pdftex.def)             Requested size: 240.90234pt x 180.67499pt.
 [16 <./figs/square-100-1.pdf>]
<figs/triangle-1100-2.pdf, id=904, 578.16pt x 433.62pt>
File: figs/triangle-1100-2.pdf Graphic file (type pdf)

<use figs/triangle-1100-2.pdf>
Package pdftex.def Info: figs/triangle-1100-2.pdf used on input line 1198.
(pdftex.def)             Requested size: 240.90234pt x 180.67499pt.
 [17 <./figs/square-100-2.pdf>]
<figs/aliasing1.pdf, id=943, 578.16pt x 433.62pt>
File: figs/aliasing1.pdf Graphic file (type pdf)
 <use figs/aliasing1.pdf>
Package pdftex.def Info: figs/aliasing1.pdf used on input line 1244.
(pdftex.def)             Requested size: 240.90234pt x 180.67499pt.

[18 <./figs/triangle-1100-2.pdf>] [19 <./figs/aliasing1.pdf>] [20] [21]
[22]
Chapter 3.
<figs/chirp3.pdf, id=1043, 867.24pt x 433.62pt>
File: figs/chirp3.pdf Graphic file (type pdf)
 <use figs/chirp3.pdf>
Package pdftex.def Info: figs/chirp3.pdf used on input line 1491.
(pdftex.def)             Requested size: 361.35353pt x 180.67499pt.
 [23

]
[24 <./figs/chirp3.pdf>] [25] <figs/chirp1.pdf, id=1089, 578.16pt x 433.62pt>
File: figs/chirp1.pdf Graphic file (type pdf)

<use figs/chirp1.pdf>
Package pdftex.def Info: figs/chirp1.pdf used on input line 1672.
(pdftex.def)             Requested size: 240.90234pt x 180.67499pt.
 [26] <figs/chirp2.pdf, id=1096, 578.16pt x 433.62pt>
File: figs/chirp2.pdf Graphic file (type pdf)

<use figs/chirp2.pdf>
Package pdftex.def Info: figs/chirp2.pdf used on input line 1707.
(pdftex.def)             Requested size: 240.90234pt x 180.67499pt.
 [27 <./figs/chirp1.pdf>] [28 <./figs/chirp2.pdf>]
<figs/windowing1.pdf, id=1175, 867.24pt x 433.62pt>
File: figs/windowing1.pdf Graphic file (type pdf)
 <use figs/windowing1.pdf>
Package pdftex.def Info: figs/windowing1.pdf used on input line 1796.
(pdftex.def)             Requested size: 397.48499pt x 198.74641pt.

[29] [30 <./figs/windowing1.pdf>]
<figs/windowing2.pdf, id=1214, 578.16pt x 722.7pt>
File: figs/windowing2.pdf Graphic file (type pdf)
 <use figs/windowing2.pdf>
Package pdftex.def Info: figs/windowing2.pdf used on input line 1858.
(pdftex.def)             Requested size: 202.3502pt x 252.94499pt.

[31 <./figs/windowing2.pdf>]
<figs/windowing3.pdf, id=1245, 578.16pt x 433.62pt>
File: figs/windowing3.pdf Graphic file (type pdf)
 <use figs/windowing3.pdf>
Package pdftex.def Info: figs/windowing3.pdf used on input line 1915.
(pdftex.def)             Requested size: 240.90234pt x 180.67499pt.

[32 <./figs/windowing3.pdf>] [33] [34]
Underfull \hbox (badness 1406) in paragraph at lines 2049--2053
[]\T1/ppl/m/n/12 Write a class called \T1/cmtt/m/n/12 TromboneGliss \T1/ppl/m/n
/12 that ex-tends \T1/cmtt/m/n/12 Chirp \T1/ppl/m/n/12 and pro-vides
 []

[35] [36

]
Chapter 4.
<figs/whitenoise0.pdf, id=1307, 578.16pt x 433.62pt>
File: figs/whitenoise0.pdf Graphic file (type pdf)

<use figs/whitenoise0.pdf>
Package pdftex.def Info: figs/whitenoise0.pdf used on input line 2093.
(pdftex.def)             Requested size: 240.90234pt x 180.67499pt.
 [37]
Underfull \hbox (badness 1270) in paragraph at lines 2115--2117
[]\T1/cmtt/m/n/12 UncorrelatedUniformNoise \T1/ppl/m/n/12 in-her-its from []\T1
/cmtt/m/n/12 _Noise\T1/ppl/m/n/12 , which in-her-its from
 []

<figs/whitenoise1.pdf, id=1317, 578.16pt x 433.62pt>
File: figs/whitenoise1.pdf Graphic file (type pdf)

<use figs/whitenoise1.pdf>
Package pdftex.def Info: figs/whitenoise1.pdf used on input line 2138.
(pdftex.def)             Requested size: 240.90234pt x 180.67499pt.
 [38 <./figs/whitenoise0.pdf>] [39 <./figs/whitenoise1.pdf>] <figs/whitenoise2.
pdf, id=1382, 578.16pt x 433.62pt>
File: figs/whitenoise2.pdf Graphic file (type pdf)

<use figs/whitenoise2.pdf>
Package pdftex.def Info: figs/whitenoise2.pdf used on input line 2200.
(pdftex.def)             Requested size: 240.90234pt x 180.67499pt.

Underfull \hbox (badness 1466) in paragraph at lines 2214--2218
[]\T1/cmtt/m/n/12 self.power \T1/ppl/m/n/12 is a NumPy ar-ray con-tain-ing powe
r for each fre-quency.
 []

[40 <./figs/whitenoise2.pdf>]
<figs/rednoise0.pdf, id=1428, 578.16pt x 433.62pt>
File: figs/rednoise0.pdf Graphic file (type pdf)
 <use figs/rednoise0.pdf>
Package pdftex.def Info: figs/rednoise0.pdf used on input line 2249.
(pdftex.def)             Requested size: 240.90234pt x 180.67499pt.

[41 <./figs/rednoise0.pdf>] <figs/rednoise3.pdf, id=1458, 578.16pt x 433.62pt>
File: figs/rednoise3.pdf Graphic file (type pdf)

<use figs/rednoise3.pdf>
Package pdftex.def Info: figs/rednoise3.pdf used on input line 2307.
(pdftex.def)             Requested size: 240.90234pt x 180.67499pt.
 [42 <./figs/rednoise3.pdf>] [43]
<figs/pinknoise0.pdf, id=1501, 578.16pt x 433.62pt>
File: figs/pinknoise0.pdf Graphic file (type pdf)
 <use figs/pinknoise0.pdf>
Package pdftex.def Info: figs/pinknoise0.pdf used on input line 2380.
(pdftex.def)             Requested size: 240.90234pt x 180.67499pt.

[44 <./figs/pinknoise0.pdf>]
<figs/noise-triple.pdf, id=1530, 578.16pt x 433.62pt>
File: figs/noise-triple.pdf Graphic file (type pdf)

<use figs/noise-triple.pdf>
Package pdftex.def Info: figs/noise-triple.pdf used on input line 2440.
(pdftex.def)             Requested size: 240.90234pt x 180.67499pt.
 [45 <./figs/noise-triple.pdf>]
<figs/noise1.pdf, id=1573, 867.24pt x 433.62pt>
File: figs/noise1.pdf Graphic file (type pdf)
 <use figs/noise1.pdf>
Package pdftex.def Info: figs/noise1.pdf used on input line 2484.
(pdftex.def)             Requested size: 361.35353pt x 180.67499pt.
 [46 <./figs/noise1.pdf>] [47]
Underfull \hbox (badness 6236) in paragraph at lines 2603--2611
[]\T1/ppl/m/n/12 Write a class called \T1/cmtt/m/n/12 UncorrelatedPoissonNoise 
\T1/ppl/m/n/12 that in-her-its from
 []

[48] [49] [50

]
Chapter 5.
[51] <figs/autocorr1.pdf, id=1647, 578.16pt x 433.62pt>
File: figs/autocorr1.pdf Graphic file (type pdf)

<use figs/autocorr1.pdf>
Package pdftex.def Info: figs/autocorr1.pdf used on input line 2681.
(pdftex.def)             Requested size: 240.90234pt x 180.67499pt.
 [52 <./figs/autocorr1.pdf>]
<figs/autocorr2.pdf, id=1680, 578.16pt x 433.62pt>
File: figs/autocorr2.pdf Graphic file (type pdf)
 <use figs/autocorr2.pdf>
Package pdftex.def Info: figs/autocorr2.pdf used on input line 2724.
(pdftex.def)             Requested size: 240.90234pt x 180.67499pt.

[53 <./figs/autocorr2.pdf>] <figs/autocorr3.pdf, id=1718, 578.16pt x 433.62pt>
File: figs/autocorr3.pdf Graphic file (type pdf)

<use figs/autocorr3.pdf>
Package pdftex.def Info: figs/autocorr3.pdf used on input line 2806.
(pdftex.def)             Requested size: 240.90234pt x 180.67499pt.
 [54]
<figs/autocorr4.pdf, id=1724, 578.16pt x 433.62pt>
File: figs/autocorr4.pdf Graphic file (type pdf)
 <use figs/autocorr4.pdf>
Package pdftex.def Info: figs/autocorr4.pdf used on input line 2837.
(pdftex.def)             Requested size: 240.90234pt x 180.67499pt.

[55 <./figs/autocorr3.pdf>] <figs/autocorr5.pdf, id=1768, 578.16pt x 433.62pt>
File: figs/autocorr5.pdf Graphic file (type pdf)

<use figs/autocorr5.pdf>
Package pdftex.def Info: figs/autocorr5.pdf used on input line 2877.
(pdftex.def)             Requested size: 240.90234pt x 180.67499pt.
 <figs/autocorr6.pdf, id=1772, 578.16pt x 433.62pt>
File: figs/autocorr6.pdf Graphic file (type pdf)

<use figs/autocorr6.pdf>
Package pdftex.def Info: figs/autocorr6.pdf used on input line 2894.
(pdftex.def)             Requested size: 240.90234pt x 180.67499pt.
 [56 <./figs/autocorr4.pdf>] [57 <./figs/autocorr5.pdf> <./figs/autocorr6.pdf

pdfTeX warning: pdflatex (file ./figs/autocorr6.pdf): PDF inclusion: multiple p
dfs with page group included in a single page
>] <figs/autocorr7.pdf, id=1889, 578.16pt x 433.62pt>
File: figs/autocorr7.pdf Graphic file (type pdf)
 <use figs/autocorr7.pdf>
Package pdftex.def Info: figs/autocorr7.pdf used on input line 2930.
(pdftex.def)             Requested size: 240.90234pt x 180.67499pt.

[58 <./figs/autocorr7.pdf>] <figs/autocorr8.pdf, id=1930, 578.16pt x 433.62pt>
File: figs/autocorr8.pdf Graphic file (type pdf)

<use figs/autocorr8.pdf>
Package pdftex.def Info: figs/autocorr8.pdf used on input line 2963.
(pdftex.def)             Requested size: 240.90234pt x 180.67499pt.
 [59 <./figs/autocorr8.pdf>]
<figs/autocorr9.pdf, id=1967, 578.16pt x 433.62pt>
File: figs/autocorr9.pdf Graphic file (type pdf)
 <use figs/autocorr9.pdf>
Package pdftex.def Info: figs/autocorr9.pdf used on input line 3040.
(pdftex.def)             Requested size: 240.90234pt x 180.67499pt.

[60] [61 <./figs/autocorr9.pdf>]
Underfull \hbox (badness 7963) in paragraph at lines 3091--3096
[]\T1/ppl/m/n/12 With these ad-just-ments, the re-sults com-puted by \T1/cmtt/m
/n/12 autocorr \T1/ppl/m/n/12 and
 []

[62]
Chapter 6.
[63

] <figs/diagram1.pdf, id=2025, 186.65736pt x 173.9007pt>
File: figs/diagram1.pdf Graphic file (type pdf)

<use figs/diagram1.pdf>
Package pdftex.def Info: figs/diagram1.pdf used on input line 3248.
(pdftex.def)             Requested size: 193.93678pt x 180.67499pt.
 [64] [65 <./figs/diagram1.pdf>] [66]
Underfull \hbox (badness 3701) in paragraph at lines 3359--3361
[]\T1/ppl/m/n/12 The first two lines use \T1/cmtt/m/n/12 ts \T1/ppl/m/n/12 and 
\T1/cmtt/m/n/12 fs \T1/ppl/m/n/12 to build the ma-trix, \T1/cmtt/m/n/12 M\T1/pp
l/m/n/12 . Then
 []

[67] [68] [69] [70] <figs/dct1.pdf, id=2083, 578.16pt x 433.62pt>
File: figs/dct1.pdf Graphic file (type pdf)

<use figs/dct1.pdf>
Package pdftex.def Info: figs/dct1.pdf used on input line 3623.
(pdftex.def)             Requested size: 240.90234pt x 180.67499pt.
 [71] [72 <./figs/dct1.pdf>]
Underfull \hbox (badness 10000) in paragraph at lines 3689--3692
\T1/ppl/m/n/12 For the fol-low-ing ex-er-cises, I pro-vide some starter code in

 []

[73] [74]
Chapter 7.
[75

] [76] [77] [78] <figs/dft1.pdf, id=2172, 578.16pt x 433.62pt>
File: figs/dft1.pdf Graphic file (type pdf)

<use figs/dft1.pdf>
Package pdftex.def Info: figs/dft1.pdf used on input line 3995.
(pdftex.def)             Requested size: 240.90234pt x 180.67499pt.
 [79] [80 <./figs/dft1.pdf>]
<figs/dft2.pdf, id=2215, 578.16pt x 433.62pt>
File: figs/dft2.pdf Graphic file (type pdf)
 <use figs/dft2.pdf>
Package pdftex.def Info: figs/dft2.pdf used on input line 4095.
(pdftex.def)             Requested size: 240.90234pt x 180.67499pt.
 [81 <./figs/dft2.pdf>] [82] [83] [84] [85] <figs/dft3.pdf, id=2279, 578.16pt x
 433.62pt>
File: figs/dft3.pdf Graphic file (type pdf)

<use figs/dft3.pdf>
Package pdftex.def Info: figs/dft3.pdf used on input line 4386.
(pdftex.def)             Requested size: 240.90234pt x 180.67499pt.
 [86] [87 <./figs/dft3.pdf>] [88] [89] [90

]
Chapter 8.
<figs/convolution1.pdf, id=2347, 578.16pt x 433.62pt>
File: figs/convolution1.pdf Graphic file (type pdf)

<use figs/convolution1.pdf>
Package pdftex.def Info: figs/convolution1.pdf used on input line 4541.
(pdftex.def)             Requested size: 240.90234pt x 180.67499pt.
 [91]
<figs/convolution2.pdf, id=2358, 578.16pt x 433.62pt>
File: figs/convolution2.pdf Graphic file (type pdf)

<use figs/convolution2.pdf>
Package pdftex.def Info: figs/convolution2.pdf used on input line 4607.
(pdftex.def)             Requested size: 240.90234pt x 180.67499pt.
 [92 <./figs/convolution1.pdf>] [93 <./figs/convolution2.pdf>]
Underfull \hbox (badness 1931) in paragraph at lines 4689--4692
[]\T1/ppl/m/n/12 Because the win-dow we used in this ex-am-ple is sym-met-ric, 
cross-
 []

<figs/convolution4.pdf, id=2425, 578.16pt x 433.62pt>
File: figs/convolution4.pdf Graphic file (type pdf)

<use figs/convolution4.pdf>
Package pdftex.def Info: figs/convolution4.pdf used on input line 4712.
(pdftex.def)             Requested size: 240.90234pt x 180.67499pt.
 [94] [95 <./figs/convolution4.pdf>]
<figs/convolution5.pdf, id=2469, 578.16pt x 433.62pt>
File: figs/convolution5.pdf Graphic file (type pdf)

<use figs/convolution5.pdf>
Package pdftex.def Info: figs/convolution5.pdf used on input line 4764.
(pdftex.def)             Requested size: 240.90234pt x 180.67499pt.

<figs/convolution6.pdf, id=2471, 578.16pt x 433.62pt>
File: figs/convolution6.pdf Graphic file (type pdf)

<use figs/convolution6.pdf>
Package pdftex.def Info: figs/convolution6.pdf used on input line 4781.
(pdftex.def)             Requested size: 240.90234pt x 180.67499pt.
 [96 <./figs/convolution5.pdf>]
<figs/convolution7.pdf, id=2515, 578.16pt x 433.62pt>
File: figs/convolution7.pdf Graphic file (type pdf)

<use figs/convolution7.pdf>
Package pdftex.def Info: figs/convolution7.pdf used on input line 4835.
(pdftex.def)             Requested size: 240.90234pt x 180.67499pt.
 [97 <./figs/convolution6.pdf>]
<figs/convolution8.pdf, id=2562, 578.16pt x 433.62pt>
File: figs/convolution8.pdf Graphic file (type pdf)

<use figs/convolution8.pdf>
Package pdftex.def Info: figs/convolution8.pdf used on input line 4867.
(pdftex.def)             Requested size: 240.90234pt x 180.67499pt.
 [98 <./figs/convolution7.pdf>] [99 <./figs/convolution8.pdf>] <figs/convolutio
n9.pdf, id=2643, 578.16pt x 433.62pt>
File: figs/convolution9.pdf Graphic file (type pdf)

<use figs/convolution9.pdf>
Package pdftex.def Info: figs/convolution9.pdf used on input line 4969.
(pdftex.def)             Requested size: 240.90234pt x 180.67499pt.

Underfull \hbox (badness 7308) in paragraph at lines 4971--4971
[]\T1/ppl/m/n/12 Figure 8.8: |Au-to-cor-re-la-tion func-tions com-puted by NumP
y and
 []

[100] [101 <./figs/convolution9.pdf>]
Underfull \hbox (badness 1107) in paragraph at lines 5036--5041
[]\T1/ppl/m/n/12 The strat-egy we used here for auto-correlation also works for
 cross-
 []

[102] [103] [104

]
Chapter 9.
[105] <figs/diff_int1.pdf, id=2717, 1011.78pt x 433.62pt>
File: figs/diff_int1.pdf Graphic file (type pdf)

<use figs/diff_int1.pdf>
Package pdftex.def Info: figs/diff_int1.pdf used on input line 5144.
(pdftex.def)             Requested size: 421.5791pt x 180.67499pt.
 <figs/diff_int2.pdf, id=2719, 1011.78pt x 433.62pt>
File: figs/diff_int2.pdf Graphic file (type pdf)

<use figs/diff_int2.pdf>
Package pdftex.def Info: figs/diff_int2.pdf used on input line 5165.
(pdftex.def)             Requested size: 421.5791pt x 180.67499pt.

Underfull \vbox (badness 5985) has occurred while \output is active []

 [106 <./figs/diff_int1.pdf>] <figs/diff_int3.pdf, id=2767, 1011.78pt x 433.62p
t>
File: figs/diff_int3.pdf Graphic file (type pdf)

<use figs/diff_int3.pdf>
Package pdftex.def Info: figs/diff_int3.pdf used on input line 5192.
(pdftex.def)             Requested size: 421.5791pt x 180.67499pt.
 [107 <./figs/diff_int2.pdf>] [108 <./figs/diff_int3.pdf>] <figs/diff_int4.pdf,
 id=2862, 578.16pt x 433.62pt>
File: figs/diff_int4.pdf Graphic file (type pdf)

<use figs/diff_int4.pdf>
Package pdftex.def Info: figs/diff_int4.pdf used on input line 5315.
(pdftex.def)             Requested size: 240.90234pt x 180.67499pt.
 [109]
<figs/diff_int5.pdf, id=2875, 578.16pt x 433.62pt>
File: figs/diff_int5.pdf Graphic file (type pdf)
 <use figs/diff_int5.pdf>
Package pdftex.def Info: figs/diff_int5.pdf used on input line 5361.
(pdftex.def)             Requested size: 240.90234pt x 180.67499pt.

[110 <./figs/diff_int4.pdf>] [111 <./figs/diff_int5.pdf>]
<figs/diff_int6.pdf, id=2962, 1011.78pt x 433.62pt>
File: figs/diff_int6.pdf Graphic file (type pdf)
 <use figs/diff_int6.pdf>
Package pdftex.def Info: figs/diff_int6.pdf used on input line 5421.
(pdftex.def)             Requested size: 421.5791pt x 180.67499pt.

[112 <./figs/diff_int6.pdf>]
<figs/diff_int7.pdf, id=3006, 1011.78pt x 433.62pt>
File: figs/diff_int7.pdf Graphic file (type pdf)
 <use figs/diff_int7.pdf>
Package pdftex.def Info: figs/diff_int7.pdf used on input line 5465.
(pdftex.def)             Requested size: 421.5791pt x 180.67499pt.

[113 <./figs/diff_int7.pdf>]
<figs/diff_int8.pdf, id=3052, 578.16pt x 433.62pt>
File: figs/diff_int8.pdf Graphic file (type pdf)
 <use figs/diff_int8.pdf>
Package pdftex.def Info: figs/diff_int8.pdf used on input line 5497.
(pdftex.def)             Requested size: 240.90234pt x 180.67499pt.

<figs/diff_int9.pdf, id=3054, 578.16pt x 433.62pt>
File: figs/diff_int9.pdf Graphic file (type pdf)
 <use figs/diff_int9.pdf>
Package pdftex.def Info: figs/diff_int9.pdf used on input line 5519.
(pdftex.def)             Requested size: 240.90234pt x 180.67499pt.

[114 <./figs/diff_int8.pdf>] [115 <./figs/diff_int9.pdf>] [116] [117] [118

]
Chapter 10.
[119] [120]
Overfull \hbox (3.79202pt too wide) in paragraph at lines 5766--5766
[]\T1/cmtt/m/n/12 [ 1.+0.j  1.+0.j  1.+0.j  1.+0.j  1.+0.j  1.+0.j  1.+0.j  1.+
0.j][] 
 []

<figs/systems1.pdf, id=3174, 578.16pt x 433.62pt>
File: figs/systems1.pdf Graphic file (type pdf)
 <use figs/systems1.pdf>
Package pdftex.def Info: figs/systems1.pdf used on input line 5796.
(pdftex.def)             Requested size: 240.90234pt x 180.67499pt.

[121]
Underfull \vbox (badness 1132) has occurred while \output is active []

 [122 <./figs/systems1.pdf>] <figs/systems6.pdf, id=3218, 1011.78pt x 433.62pt>
File: figs/systems6.pdf Graphic file (type pdf)

<use figs/systems6.pdf>
Package pdftex.def Info: figs/systems6.pdf used on input line 5861.
(pdftex.def)             Requested size: 421.5791pt x 180.67499pt.
 [123 <./figs/systems6.pdf>]
Overfull \hbox (40.83298pt too wide) in paragraph at lines 5906--5906
[]    \T1/cmtt/m/n/12 violin = thinkdsp.read_wave(\TS1/cmtt/m/n/12 '\T1/cmtt/m/
n/12 92002__jcveliz__violin-origional.wav\TS1/cmtt/m/n/12 '\T1/cmtt/m/n/12 )[] 

 []

<figs/systems7.pdf, id=3263, 578.16pt x 433.62pt>
File: figs/systems7.pdf Graphic file (type pdf)
 <use figs/systems7.pdf>
Package pdftex.def Info: figs/systems7.pdf used on input line 5931.
(pdftex.def)             Requested size: 240.90234pt x 180.67499pt.

[124 <./figs/systems7.pdf>] <figs/systems8.pdf, id=3295, 578.16pt x 433.62pt>
File: figs/systems8.pdf Graphic file (type pdf)

<use figs/systems8.pdf>
Package pdftex.def Info: figs/systems8.pdf used on input line 5958.
(pdftex.def)             Requested size: 240.90234pt x 180.67499pt.
 [125 <./figs/systems8.pdf>]
Underfull \hbox (badness 1163) in paragraph at lines 6037--6040
[]\T1/ppl/m/n/12 Figure []10.4[] shows the re-sult. You can hear what it sounds
 like in
 []

[126] <figs/diagram2.pdf, id=3327, 220.80693pt x 69.2728pt>
File: figs/diagram2.pdf Graphic file (type pdf)

<use figs/diagram2.pdf>
Package pdftex.def Info: figs/diagram2.pdf used on input line 6082.
(pdftex.def)             Requested size: 276.45944pt x 86.72377pt.
 [127 <./figs/diagram2.pdf>] [128] [129] [130] [131]
[132

]
Chapter 11.
[133] <figs/sampling1.pdf, id=3383, 578.16pt x 433.62pt>
File: figs/sampling1.pdf Graphic file (type pdf)

<use figs/sampling1.pdf>
Package pdftex.def Info: figs/sampling1.pdf used on input line 6339.
(pdftex.def)             Requested size: 337.26505pt x 252.94499pt.
 <figs/sampling2.pdf, id=3385, 578.16pt x 867.24pt>
File: figs/sampling2.pdf Graphic file (type pdf)

<use figs/sampling2.pdf>
Package pdftex.def Info: figs/sampling2.pdf used on input line 6363.
(pdftex.def)             Requested size: 264.99522pt x 397.48499pt.

Underfull \vbox (badness 6575) has occurred while \output is active []

 [134 <./figs/sampling1.pdf>] [135 <./figs/sampling2.pdf>] [136]
<figs/sampling3.pdf, id=3464, 578.16pt x 433.62pt>
File: figs/sampling3.pdf Graphic file (type pdf)
 <use figs/sampling3.pdf>
Package pdftex.def Info: figs/sampling3.pdf used on input line 6469.
(pdftex.def)             Requested size: 289.07928pt x 216.81pt.

[137] [138 <./figs/sampling3.pdf>]
<figs/sampling9.pdf, id=3507, 722.7pt x 722.7pt>
File: figs/sampling9.pdf Graphic file (type pdf)
 <use figs/sampling9.pdf>
Package pdftex.def Info: figs/sampling9.pdf used on input line 6541.
(pdftex.def)             Requested size: 289.07487pt x 289.07999pt.

[139 <./figs/sampling9.pdf>]
<figs/sampling4.pdf, id=3554, 578.16pt x 867.24pt>
File: figs/sampling4.pdf Graphic file (type pdf)
 <use figs/sampling4.pdf>
Package pdftex.def Info: figs/sampling4.pdf used on input line 6602.
(pdftex.def)             Requested size: 264.99522pt x 397.48499pt.

[140] [141 <./figs/sampling4.pdf>]
<figs/sampling5.pdf, id=3595, 578.16pt x 722.7pt>
File: figs/sampling5.pdf Graphic file (type pdf)
 <use figs/sampling5.pdf>
Package pdftex.def Info: figs/sampling5.pdf used on input line 6637.
(pdftex.def)             Requested size: 277.51364pt x 346.89621pt.

[142 <./figs/sampling5.pdf>]
<figs/sampling6.pdf, id=3639, 1011.78pt x 433.62pt>
File: figs/sampling6.pdf Graphic file (type pdf)
 <use figs/sampling6.pdf>
Package pdftex.def Info: figs/sampling6.pdf used on input line 6661.
(pdftex.def)             Requested size: 421.5791pt x 180.67499pt.

[143 <./figs/sampling6.pdf>]
<figs/sampling8.pdf, id=3682, 578.16pt x 433.62pt>
File: figs/sampling8.pdf Graphic file (type pdf)
 <use figs/sampling8.pdf>
Package pdftex.def Info: figs/sampling8.pdf used on input line 6695.
(pdftex.def)             Requested size: 240.90234pt x 180.67499pt.

[144 <./figs/sampling8.pdf>] [145] [146

] (./book.ind [147


])
Package atveryend Info: Empty hook `BeforeClearDocument' on input line 6777.
Package atveryend Info: Empty hook `AfterLastShipout' on input line 6777.
 (./book.aux)
Package atveryend Info: Executing hook `AtVeryEndDocument' on input line 6777.
Package atveryend Info: Executing hook `AtEndAfterFileList' on input line 6777.

Package rerunfilecheck Info: File `book.out' has not changed.
(rerunfilecheck)             Checksum: E5325BDEC4DCDC004CEDF381D67D2DE8;5771.
Package atveryend Info: Empty hook `AtVeryVeryEnd' on input line 6777.
 ) 
Here is how much of TeX's memory you used:
 9521 strings out of 493089
 142170 string characters out of 6134842
 228698 words of memory out of 5000000
 12353 multiletter control sequences out of 15000+600000
 40842 words of font info for 91 fonts, out of 8000000 for 9000
 1141 hyphenation exceptions out of 8191
 44i,11n,43p,378b,485s stack positions out of 5000i,500n,10000p,200000b,80000s
{/usr/local/texlive/2015/texmf-dist/fonts/enc/dvips/cm-super/cm-super-t1.enc}
{/usr/local/texlive/2015/texmf-dist/fonts/enc/dvips/cm-super/cm-super-ts1.enc}{
/usr/local/texlive/2015/texmf-dist/fonts/enc/dvips/base/8r.enc}</usr/local/texl
ive/2015/texmf-dist/fonts/type1/public/amsfonts/cm/cmex10.pfb></usr/local/texli
ve/2015/texmf-dist/fonts/type1/public/amsfonts/cm/cmmi10.pfb></usr/local/texliv
e/2015/texmf-dist/fonts/type1/public/amsfonts/cm/cmmi12.pfb></usr/local/texlive
/2015/texmf-dist/fonts/type1/public/amsfonts/cm/cmmi8.pfb></usr/local/texlive/2
015/texmf-dist/fonts/type1/public/amsfonts/cm/cmr10.pfb></usr/local/texlive/201
5/texmf-dist/fonts/type1/public/amsfonts/cm/cmr12.pfb></usr/local/texlive/2015/
texmf-dist/fonts/type1/public/amsfonts/cm/cmsy10.pfb></usr/local/texlive/2015/t
exmf-dist/fonts/type1/public/amsfonts/cm/cmtt12.pfb></usr/local/texlive/2015/te
xmf-dist/fonts/type1/public/mathpazo/fplmr.pfb></usr/local/texlive/2015/texmf-d
ist/fonts/type1/public/mathpazo/fplmri.pfb></usr/local/texlive/2015/texmf-dist/
fonts/type1/public/cm-super/sfss1200.pfb></usr/local/texlive/2015/texmf-dist/fo
nts/type1/public/cm-super/sftt1000.pfb></usr/local/texlive/2015/texmf-dist/font
s/type1/public/cm-super/sftt1200.pfb></usr/local/texlive/2015/texmf-dist/fonts/
type1/urw/palatino/uplb8a.pfb></usr/local/texlive/2015/texmf-dist/fonts/type1/u
rw/palatino/uplr8a.pfb></usr/local/texlive/2015/texmf-dist/fonts/type1/urw/pala
tino/uplri8a.pfb>
Output written on book.pdf (159 pages, 5818724 bytes).
PDF statistics:
 3885 PDF objects out of 4296 (max. 8388607)
 2009 compressed objects within 21 object streams
 420 named destinations out of 1000 (max. 500000)
 1098 words of extra memory for PDF output out of 10000 (max. 10000000)

