This is pdfTeX, Version 3.14159265-2.6-1.40.16 (TeX Live 2015) (preloaded format=pdflatex 2015.5.24)  15 FEB 2016 14:47
entering extended mode
 restricted \write18 enabled.
 %&-line parsing enabled.
**book
(./book.tex
LaTeX2e <2015/01/01>
Babel <3.9l> and hyphenation patterns for 79 languages loaded.
(/usr/local/texlive/2015/texmf-dist/tex/latex/base/book.cls
Document Class: book 2014/09/29 v1.4h Standard LaTeX document class
(/usr/local/texlive/2015/texmf-dist/tex/latex/base/bk12.clo
File: bk12.clo 2014/09/29 v1.4h Standard LaTeX file (size option)
)
\c@part=\count79
\c@chapter=\count80
\c@section=\count81
\c@subsection=\count82
\c@subsubsection=\count83
\c@paragraph=\count84
\c@subparagraph=\count85
\c@figure=\count86
\c@table=\count87
\abovecaptionskip=\skip41
\belowcaptionskip=\skip42
\bibindent=\dimen102
)
(/usr/local/texlive/2015/texmf-dist/tex/latex/geometry/geometry.sty
Package: geometry 2010/09/12 v5.6 Page Geometry

(/usr/local/texlive/2015/texmf-dist/tex/latex/graphics/keyval.sty
Package: keyval 2014/10/28 v1.15 key=value parser (DPC)
\KV@toks@=\toks14
)
(/usr/local/texlive/2015/texmf-dist/tex/generic/oberdiek/ifpdf.sty
Package: ifpdf 2011/01/30 v2.3 Provides the ifpdf switch (HO)
Package ifpdf Info: pdfTeX in PDF mode is detected.
)
(/usr/local/texlive/2015/texmf-dist/tex/generic/oberdiek/ifvtex.sty
Package: ifvtex 2010/03/01 v1.5 Detect VTeX and its facilities (HO)
Package ifvtex Info: VTeX not detected.
)
(/usr/local/texlive/2015/texmf-dist/tex/generic/ifxetex/ifxetex.sty
Package: ifxetex 2010/09/12 v0.6 Provides ifxetex conditional
)
\Gm@cnth=\count88
\Gm@cntv=\count89
\c@Gm@tempcnt=\count90
\Gm@bindingoffset=\dimen103
\Gm@wd@mp=\dimen104
\Gm@odd@mp=\dimen105
\Gm@even@mp=\dimen106
\Gm@layoutwidth=\dimen107
\Gm@layoutheight=\dimen108
\Gm@layouthoffset=\dimen109
\Gm@layoutvoffset=\dimen110
\Gm@dimlist=\toks15
)
(/usr/local/texlive/2015/texmf-dist/tex/latex/base/fontenc.sty
Package: fontenc 2005/09/27 v1.99g Standard LaTeX package

(/usr/local/texlive/2015/texmf-dist/tex/latex/base/t1enc.def
File: t1enc.def 2005/09/27 v1.99g Standard LaTeX file
LaTeX Font Info:    Redeclaring font encoding T1 on input line 48.
))
(/usr/local/texlive/2015/texmf-dist/tex/latex/base/textcomp.sty
Package: textcomp 2005/09/27 v1.99g Standard LaTeX package
Package textcomp Info: Sub-encoding information:
(textcomp)               5 = only ISO-Adobe without \textcurrency
(textcomp)               4 = 5 + \texteuro
(textcomp)               3 = 4 + \textohm
(textcomp)               2 = 3 + \textestimated + \textcurrency
(textcomp)               1 = TS1 - \textcircled - \t
(textcomp)               0 = TS1 (full)
(textcomp)             Font families with sub-encoding setting implement
(textcomp)             only a restricted character set as indicated.
(textcomp)             Family '?' is the default used for unknown fonts.
(textcomp)             See the documentation for details.
Package textcomp Info: Setting ? sub-encoding to TS1/1 on input line 79.

(/usr/local/texlive/2015/texmf-dist/tex/latex/base/ts1enc.def
File: ts1enc.def 2001/06/05 v3.0e (jk/car/fm) Standard LaTeX file
)
LaTeX Info: Redefining \oldstylenums on input line 334.
Package textcomp Info: Setting cmr sub-encoding to TS1/0 on input line 349.
Package textcomp Info: Setting cmss sub-encoding to TS1/0 on input line 350.
Package textcomp Info: Setting cmtt sub-encoding to TS1/0 on input line 351.
Package textcomp Info: Setting cmvtt sub-encoding to TS1/0 on input line 352.
Package textcomp Info: Setting cmbr sub-encoding to TS1/0 on input line 353.
Package textcomp Info: Setting cmtl sub-encoding to TS1/0 on input line 354.
Package textcomp Info: Setting ccr sub-encoding to TS1/0 on input line 355.
Package textcomp Info: Setting ptm sub-encoding to TS1/4 on input line 356.
Package textcomp Info: Setting pcr sub-encoding to TS1/4 on input line 357.
Package textcomp Info: Setting phv sub-encoding to TS1/4 on input line 358.
Package textcomp Info: Setting ppl sub-encoding to TS1/3 on input line 359.
Package textcomp Info: Setting pag sub-encoding to TS1/4 on input line 360.
Package textcomp Info: Setting pbk sub-encoding to TS1/4 on input line 361.
Package textcomp Info: Setting pnc sub-encoding to TS1/4 on input line 362.
Package textcomp Info: Setting pzc sub-encoding to TS1/4 on input line 363.
Package textcomp Info: Setting bch sub-encoding to TS1/4 on input line 364.
Package textcomp Info: Setting put sub-encoding to TS1/5 on input line 365.
Package textcomp Info: Setting uag sub-encoding to TS1/5 on input line 366.
Package textcomp Info: Setting ugq sub-encoding to TS1/5 on input line 367.
Package textcomp Info: Setting ul8 sub-encoding to TS1/4 on input line 368.
Package textcomp Info: Setting ul9 sub-encoding to TS1/4 on input line 369.
Package textcomp Info: Setting augie sub-encoding to TS1/5 on input line 370.
Package textcomp Info: Setting dayrom sub-encoding to TS1/3 on input line 371.
Package textcomp Info: Setting dayroms sub-encoding to TS1/3 on input line 372.

Package textcomp Info: Setting pxr sub-encoding to TS1/0 on input line 373.
Package textcomp Info: Setting pxss sub-encoding to TS1/0 on input line 374.
Package textcomp Info: Setting pxtt sub-encoding to TS1/0 on input line 375.
Package textcomp Info: Setting txr sub-encoding to TS1/0 on input line 376.
Package textcomp Info: Setting txss sub-encoding to TS1/0 on input line 377.
Package textcomp Info: Setting txtt sub-encoding to TS1/0 on input line 378.
Package textcomp Info: Setting lmr sub-encoding to TS1/0 on input line 379.
Package textcomp Info: Setting lmdh sub-encoding to TS1/0 on input line 380.
Package textcomp Info: Setting lmss sub-encoding to TS1/0 on input line 381.
Package textcomp Info: Setting lmssq sub-encoding to TS1/0 on input line 382.
Package textcomp Info: Setting lmvtt sub-encoding to TS1/0 on input line 383.
Package textcomp Info: Setting lmtt sub-encoding to TS1/0 on input line 384.
Package textcomp Info: Setting qhv sub-encoding to TS1/0 on input line 385.
Package textcomp Info: Setting qag sub-encoding to TS1/0 on input line 386.
Package textcomp Info: Setting qbk sub-encoding to TS1/0 on input line 387.
Package textcomp Info: Setting qcr sub-encoding to TS1/0 on input line 388.
Package textcomp Info: Setting qcs sub-encoding to TS1/0 on input line 389.
Package textcomp Info: Setting qpl sub-encoding to TS1/0 on input line 390.
Package textcomp Info: Setting qtm sub-encoding to TS1/0 on input line 391.
Package textcomp Info: Setting qzc sub-encoding to TS1/0 on input line 392.
Package textcomp Info: Setting qhvc sub-encoding to TS1/0 on input line 393.
Package textcomp Info: Setting futs sub-encoding to TS1/4 on input line 394.
Package textcomp Info: Setting futx sub-encoding to TS1/4 on input line 395.
Package textcomp Info: Setting futj sub-encoding to TS1/4 on input line 396.
Package textcomp Info: Setting hlh sub-encoding to TS1/3 on input line 397.
Package textcomp Info: Setting hls sub-encoding to TS1/3 on input line 398.
Package textcomp Info: Setting hlst sub-encoding to TS1/3 on input line 399.
Package textcomp Info: Setting hlct sub-encoding to TS1/5 on input line 400.
Package textcomp Info: Setting hlx sub-encoding to TS1/5 on input line 401.
Package textcomp Info: Setting hlce sub-encoding to TS1/5 on input line 402.
Package textcomp Info: Setting hlcn sub-encoding to TS1/5 on input line 403.
Package textcomp Info: Setting hlcw sub-encoding to TS1/5 on input line 404.
Package textcomp Info: Setting hlcf sub-encoding to TS1/5 on input line 405.
Package textcomp Info: Setting pplx sub-encoding to TS1/3 on input line 406.
Package textcomp Info: Setting pplj sub-encoding to TS1/3 on input line 407.
Package textcomp Info: Setting ptmx sub-encoding to TS1/4 on input line 408.
Package textcomp Info: Setting ptmj sub-encoding to TS1/4 on input line 409.
)
(/usr/local/texlive/2015/texmf-dist/tex/latex/psnfss/mathpazo.sty
Package: mathpazo 2005/04/12 PSNFSS-v9.2a Palatino w/ Pazo Math (D.Puga, WaS) 
\symupright=\mathgroup4
)
(/usr/local/texlive/2015/texmf-dist/tex/latex/url/url.sty
\Urlmuskip=\muskip10
Package: url 2013/09/16  ver 3.4  Verb mode for urls, etc.
)
(/usr/local/texlive/2015/texmf-dist/tex/latex/graphics/graphicx.sty
Package: graphicx 2014/10/28 v1.0g Enhanced LaTeX Graphics (DPC,SPQR)

(/usr/local/texlive/2015/texmf-dist/tex/latex/graphics/graphics.sty
Package: graphics 2014/10/28 v1.0p Standard LaTeX Graphics (DPC,SPQR)

(/usr/local/texlive/2015/texmf-dist/tex/latex/graphics/trig.sty
Package: trig 1999/03/16 v1.09 sin cos tan (DPC)
)
(/usr/local/texlive/2015/texmf-dist/tex/latex/latexconfig/graphics.cfg
File: graphics.cfg 2010/04/23 v1.9 graphics configuration of TeX Live
)
Package graphics Info: Driver file: pdftex.def on input line 94.

(/usr/local/texlive/2015/texmf-dist/tex/latex/pdftex-def/pdftex.def
File: pdftex.def 2011/05/27 v0.06d Graphics/color for pdfTeX

(/usr/local/texlive/2015/texmf-dist/tex/generic/oberdiek/infwarerr.sty
Package: infwarerr 2010/04/08 v1.3 Providing info/warning/error messages (HO)
)
(/usr/local/texlive/2015/texmf-dist/tex/generic/oberdiek/ltxcmds.sty
Package: ltxcmds 2011/11/09 v1.22 LaTeX kernel commands for general use (HO)
)
\Gread@gobject=\count91
))
\Gin@req@height=\dimen111
\Gin@req@width=\dimen112
)
(/usr/local/texlive/2015/texmf-dist/tex/latex/subfig/subfig.sty
Package: subfig 2005/06/28 ver: 1.3 subfig package

(/usr/local/texlive/2015/texmf-dist/tex/latex/caption/caption.sty
Package: caption 2013/05/02 v3.3-89 Customizing captions (AR)

(/usr/local/texlive/2015/texmf-dist/tex/latex/caption/caption3.sty
Package: caption3 2013/05/02 v1.6-88 caption3 kernel (AR)
Package caption3 Info: TeX engine: e-TeX on input line 57.
\captionmargin=\dimen113
\captionmargin@=\dimen114
\captionwidth=\dimen115
\caption@tempdima=\dimen116
\caption@indent=\dimen117
\caption@parindent=\dimen118
\caption@hangindent=\dimen119
)
\c@ContinuedFloat=\count92
)
\c@KVtest=\count93
\sf@farskip=\skip43
\sf@captopadj=\dimen120
\sf@capskip=\skip44
\sf@nearskip=\skip45
\c@subfigure=\count94
\c@subfigure@save=\count95
\c@lofdepth=\count96
\c@subtable=\count97
\c@subtable@save=\count98
\c@lotdepth=\count99
\sf@top=\skip46
\sf@bottom=\skip47
)
(/usr/local/texlive/2015/texmf-dist/tex/latex/amsmath/amsmath.sty
Package: amsmath 2013/01/14 v2.14 AMS math features
\@mathmargin=\skip48

For additional information on amsmath, use the `?' option.
(/usr/local/texlive/2015/texmf-dist/tex/latex/amsmath/amstext.sty
Package: amstext 2000/06/29 v2.01

(/usr/local/texlive/2015/texmf-dist/tex/latex/amsmath/amsgen.sty
File: amsgen.sty 1999/11/30 v2.0
\@emptytoks=\toks16
\ex@=\dimen121
))
(/usr/local/texlive/2015/texmf-dist/tex/latex/amsmath/amsbsy.sty
Package: amsbsy 1999/11/29 v1.2d
\pmbraise@=\dimen122
)
(/usr/local/texlive/2015/texmf-dist/tex/latex/amsmath/amsopn.sty
Package: amsopn 1999/12/14 v2.01 operator names
)
\inf@bad=\count100
LaTeX Info: Redefining \frac on input line 210.
\uproot@=\count101
\leftroot@=\count102
LaTeX Info: Redefining \overline on input line 306.
\classnum@=\count103
\DOTSCASE@=\count104
LaTeX Info: Redefining \ldots on input line 378.
LaTeX Info: Redefining \dots on input line 381.
LaTeX Info: Redefining \cdots on input line 466.
\Mathstrutbox@=\box26
\strutbox@=\box27
\big@size=\dimen123
LaTeX Font Info:    Redeclaring font encoding OML on input line 566.
LaTeX Font Info:    Redeclaring font encoding OMS on input line 567.
\macc@depth=\count105
\c@MaxMatrixCols=\count106
\dotsspace@=\muskip11
\c@parentequation=\count107
\dspbrk@lvl=\count108
\tag@help=\toks17
\row@=\count109
\column@=\count110
\maxfields@=\count111
\andhelp@=\toks18
\eqnshift@=\dimen124
\alignsep@=\dimen125
\tagshift@=\dimen126
\tagwidth@=\dimen127
\totwidth@=\dimen128
\lineht@=\dimen129
\@envbody=\toks19
\multlinegap=\skip49
\multlinetaggap=\skip50
\mathdisplay@stack=\toks20
LaTeX Info: Redefining \[ on input line 2665.
LaTeX Info: Redefining \] on input line 2666.
)
(/usr/local/texlive/2015/texmf-dist/tex/latex/amscls/amsthm.sty
Package: amsthm 2015/03/04 v2.20.2
\thm@style=\toks21
\thm@bodyfont=\toks22
\thm@headfont=\toks23
\thm@notefont=\toks24
\thm@headpunct=\toks25
\thm@preskip=\skip51
\thm@postskip=\skip52
\thm@headsep=\skip53
\dth@everypar=\toks26
)
(/usr/local/texlive/2015/texmf-dist/tex/latex/base/makeidx.sty
Package: makeidx 2014/09/29 v1.0m Standard LaTeX package
)
(/usr/local/texlive/2015/texmf-dist/tex/latex/setspace/setspace.sty
Package: setspace 2011/12/19 v6.7a set line spacing
)
(./hevea.sty
Package: hevea 2002/01/11
 (/usr/local/texlive/2015/texmf-dist/tex/latex/comment/comment.sty
\CommentStream=\write3

Excluding comment 'comment')
\c@cuttingdepth=\count112
 Excluding comment 'rawhtml'
Excluding comment 'htmlonly'
\@bgcolorbin=\box28
)
(/usr/local/texlive/2015/texmf-dist/tex/latex/upquote/upquote.sty
Package: upquote 2012/04/19 v1.3 upright-quote and grave-accent glyphs in verba
tim
)
(/usr/local/texlive/2015/texmf-dist/tex/latex/fancyhdr/fancyhdr.sty
\fancy@headwidth=\skip54
\f@ncyO@elh=\skip55
\f@ncyO@erh=\skip56
\f@ncyO@olh=\skip57
\f@ncyO@orh=\skip58
\f@ncyO@elf=\skip59
\f@ncyO@erf=\skip60
\f@ncyO@olf=\skip61
\f@ncyO@orf=\skip62
)
(/usr/local/texlive/2015/texmf-dist/tex/latex/hyperref/hyperref.sty
Package: hyperref 2012/11/06 v6.83m Hypertext links for LaTeX

(/usr/local/texlive/2015/texmf-dist/tex/generic/oberdiek/hobsub-hyperref.sty
Package: hobsub-hyperref 2012/05/28 v1.13 Bundle oberdiek, subset hyperref (HO)


(/usr/local/texlive/2015/texmf-dist/tex/generic/oberdiek/hobsub-generic.sty
Package: hobsub-generic 2012/05/28 v1.13 Bundle oberdiek, subset generic (HO)
Package: hobsub 2012/05/28 v1.13 Construct package bundles (HO)
Package hobsub Info: Skipping package `infwarerr' (already loaded).
Package hobsub Info: Skipping package `ltxcmds' (already loaded).
Package: ifluatex 2010/03/01 v1.3 Provides the ifluatex switch (HO)
Package ifluatex Info: LuaTeX not detected.
Package hobsub Info: Skipping package `ifvtex' (already loaded).
Package: intcalc 2007/09/27 v1.1 Expandable calculations with integers (HO)
Package hobsub Info: Skipping package `ifpdf' (already loaded).
Package: etexcmds 2011/02/16 v1.5 Avoid name clashes with e-TeX commands (HO)
Package etexcmds Info: Could not find \expanded.
(etexcmds)             That can mean that you are not using pdfTeX 1.50 or
(etexcmds)             that some package has redefined \expanded.
(etexcmds)             In the latter case, load this package earlier.
Package: kvsetkeys 2012/04/25 v1.16 Key value parser (HO)
Package: kvdefinekeys 2011/04/07 v1.3 Define keys (HO)
Package: pdftexcmds 2011/11/29 v0.20 Utility functions of pdfTeX for LuaTeX (HO
)
Package pdftexcmds Info: LuaTeX not detected.
Package pdftexcmds Info: \pdf@primitive is available.
Package pdftexcmds Info: \pdf@ifprimitive is available.
Package pdftexcmds Info: \pdfdraftmode found.
Package: pdfescape 2011/11/25 v1.13 Implements pdfTeX's escape features (HO)
Package: bigintcalc 2012/04/08 v1.3 Expandable calculations on big integers (HO
)
Package: bitset 2011/01/30 v1.1 Handle bit-vector datatype (HO)
Package: uniquecounter 2011/01/30 v1.2 Provide unlimited unique counter (HO)
)
Package hobsub Info: Skipping package `hobsub' (already loaded).
Package: letltxmacro 2010/09/02 v1.4 Let assignment for LaTeX macros (HO)
Package: hopatch 2012/05/28 v1.2 Wrapper for package hooks (HO)
Package: xcolor-patch 2011/01/30 xcolor patch
Package: atveryend 2011/06/30 v1.8 Hooks at the very end of document (HO)
Package atveryend Info: \enddocument detected (standard20110627).
Package: atbegshi 2011/10/05 v1.16 At begin shipout hook (HO)
Package: refcount 2011/10/16 v3.4 Data extraction from label references (HO)
Package: hycolor 2011/01/30 v1.7 Color options for hyperref/bookmark (HO)
)
(/usr/local/texlive/2015/texmf-dist/tex/latex/oberdiek/auxhook.sty
Package: auxhook 2011/03/04 v1.3 Hooks for auxiliary files (HO)
)
(/usr/local/texlive/2015/texmf-dist/tex/latex/oberdiek/kvoptions.sty
Package: kvoptions 2011/06/30 v3.11 Key value format for package options (HO)
)
\@linkdim=\dimen130
\Hy@linkcounter=\count113
\Hy@pagecounter=\count114

(/usr/local/texlive/2015/texmf-dist/tex/latex/hyperref/pd1enc.def
File: pd1enc.def 2012/11/06 v6.83m Hyperref: PDFDocEncoding definition (HO)
)
\Hy@SavedSpaceFactor=\count115

(/usr/local/texlive/2015/texmf-dist/tex/latex/latexconfig/hyperref.cfg
File: hyperref.cfg 2002/06/06 v1.2 hyperref configuration of TeXLive
)
Package hyperref Info: Option `bookmarks' set `true' on input line 4319.
Package hyperref Info: Hyper figures OFF on input line 4443.
Package hyperref Info: Link nesting OFF on input line 4448.
Package hyperref Info: Hyper index ON on input line 4451.
Package hyperref Info: Plain pages OFF on input line 4458.
Package hyperref Info: Backreferencing OFF on input line 4463.
Package hyperref Info: Implicit mode ON; LaTeX internals redefined.
Package hyperref Info: Bookmarks ON on input line 4688.
\c@Hy@tempcnt=\count116
LaTeX Info: Redefining \url on input line 5041.
\XeTeXLinkMargin=\dimen131
\Fld@menulength=\count117
\Field@Width=\dimen132
\Fld@charsize=\dimen133
Package hyperref Info: Hyper figures OFF on input line 6295.
Package hyperref Info: Link nesting OFF on input line 6300.
Package hyperref Info: Hyper index ON on input line 6303.
Package hyperref Info: backreferencing OFF on input line 6310.
Package hyperref Info: Link coloring OFF on input line 6315.
Package hyperref Info: Link coloring with OCG OFF on input line 6320.
Package hyperref Info: PDF/A mode OFF on input line 6325.
LaTeX Info: Redefining \ref on input line 6365.
LaTeX Info: Redefining \pageref on input line 6369.
\Hy@abspage=\count118
\c@Item=\count119
\c@Hfootnote=\count120
)

Package hyperref Message: Driver (autodetected): hpdftex.

(/usr/local/texlive/2015/texmf-dist/tex/latex/hyperref/hpdftex.def
File: hpdftex.def 2012/11/06 v6.83m Hyperref driver for pdfTeX
\Fld@listcount=\count121
\c@bookmark@seq@number=\count122

(/usr/local/texlive/2015/texmf-dist/tex/latex/oberdiek/rerunfilecheck.sty
Package: rerunfilecheck 2011/04/15 v1.7 Rerun checks for auxiliary files (HO)
Package uniquecounter Info: New unique counter `rerunfilecheck' on input line 2
82.
)
\Hy@SectionHShift=\skip63
)
\@indexfile=\write4
\openout4 = `book.idx'.


Writing index file book.idx
(./book.aux)
\openout1 = `book.aux'.

LaTeX Font Info:    Checking defaults for OML/cmm/m/it on input line 52.
LaTeX Font Info:    ... okay on input line 52.
LaTeX Font Info:    Checking defaults for T1/cmr/m/n on input line 52.
LaTeX Font Info:    ... okay on input line 52.
LaTeX Font Info:    Checking defaults for OT1/cmr/m/n on input line 52.
LaTeX Font Info:    ... okay on input line 52.
LaTeX Font Info:    Checking defaults for OMS/cmsy/m/n on input line 52.
LaTeX Font Info:    ... okay on input line 52.
LaTeX Font Info:    Checking defaults for OMX/cmex/m/n on input line 52.
LaTeX Font Info:    ... okay on input line 52.
LaTeX Font Info:    Checking defaults for U/cmr/m/n on input line 52.
LaTeX Font Info:    ... okay on input line 52.
LaTeX Font Info:    Checking defaults for TS1/cmr/m/n on input line 52.
LaTeX Font Info:    Try loading font information for TS1+cmr on input line 52.
 (/usr/local/texlive/2015/texmf-dist/tex/latex/base/ts1cmr.fd
File: ts1cmr.fd 2014/09/29 v2.5h Standard LaTeX font definitions
)
LaTeX Font Info:    ... okay on input line 52.
LaTeX Font Info:    Checking defaults for PD1/pdf/m/n on input line 52.
LaTeX Font Info:    ... okay on input line 52.
LaTeX Font Info:    Try loading font information for T1+ppl on input line 52.

(/usr/local/texlive/2015/texmf-dist/tex/latex/psnfss/t1ppl.fd
File: t1ppl.fd 2001/06/04 font definitions for T1/ppl.
)
*geometry* driver: auto-detecting
*geometry* detected driver: pdftex
*geometry* verbose mode - [ preamble ] result:
* driver: pdftex
* paper: <default>
* layout: <same size as paper>
* layoutoffset:(h,v)=(0.0pt,0.0pt)
* hratio: 3:2
* vratio: 1:1
* modes: twoside 
* h-part:(L,W,R)=(130.086pt, 397.48499pt, 86.72401pt)
* v-part:(T,H,B)=(90.3375pt, 614.295pt, 90.3375pt)
* \paperwidth=614.295pt
* \paperheight=794.96999pt
* \textwidth=397.48499pt
* \textheight=614.295pt
* \oddsidemargin=57.81601pt
* \evensidemargin=14.45403pt
* \topmargin=-13.80629pt
* \headheight=12.0pt
* \headsep=19.8738pt
* \topskip=12.0pt
* \footskip=30.0pt
* \marginparwidth=98.0pt
* \marginparsep=7.0pt
* \columnsep=10.0pt
* \skip\footins=10.8pt plus 4.0pt minus 2.0pt
* \hoffset=0.0pt
* \voffset=0.0pt
* \mag=1000
* \@twocolumnfalse
* \@twosidetrue
* \@mparswitchtrue
* \@reversemarginfalse
* (1in=72.27pt=25.4mm, 1cm=28.453pt)

(/usr/local/texlive/2015/texmf-dist/tex/context/base/supp-pdf.mkii
[Loading MPS to PDF converter (version 2006.09.02).]
\scratchcounter=\count123
\scratchdimen=\dimen134
\scratchbox=\box29
\nofMPsegments=\count124
\nofMParguments=\count125
\everyMPshowfont=\toks27
\MPscratchCnt=\count126
\MPscratchDim=\dimen135
\MPnumerator=\count127
\makeMPintoPDFobject=\count128
\everyMPtoPDFconversion=\toks28
) (/usr/local/texlive/2015/texmf-dist/tex/latex/oberdiek/epstopdf-base.sty
Package: epstopdf-base 2010/02/09 v2.5 Base part for package epstopdf

(/usr/local/texlive/2015/texmf-dist/tex/latex/oberdiek/grfext.sty
Package: grfext 2010/08/19 v1.1 Manage graphics extensions (HO)
)
Package grfext Info: Graphics extension search list:
(grfext)             [.png,.pdf,.jpg,.mps,.jpeg,.jbig2,.jb2,.PNG,.PDF,.JPG,.JPE
G,.JBIG2,.JB2,.eps]
(grfext)             \AppendGraphicsExtensions on input line 452.

(/usr/local/texlive/2015/texmf-dist/tex/latex/latexconfig/epstopdf-sys.cfg
File: epstopdf-sys.cfg 2010/07/13 v1.3 Configuration of (r)epstopdf for TeX Liv
e
))
Package caption Info: Begin \AtBeginDocument code.
Package caption Info: subfig package v1.3 is loaded.
Package caption Info: hyperref package is loaded.
Package caption Info: End \AtBeginDocument code.
\AtBeginShipoutBox=\box30
Package hyperref Info: Link coloring OFF on input line 52.

(/usr/local/texlive/2015/texmf-dist/tex/latex/hyperref/nameref.sty
Package: nameref 2012/10/27 v2.43 Cross-referencing by name of section

(/usr/local/texlive/2015/texmf-dist/tex/generic/oberdiek/gettitlestring.sty
Package: gettitlestring 2010/12/03 v1.4 Cleanup title references (HO)
)
\c@section@level=\count129
)
LaTeX Info: Redefining \ref on input line 52.
LaTeX Info: Redefining \pageref on input line 52.
LaTeX Info: Redefining \nameref on input line 52.

(./book.out) (./book.out)
\@outlinefile=\write5
\openout5 = `book.out'.

\c@exercise=\count130
 (./latexonly) [1


{/usr/local/texlive/2015/texmf-var/fonts/map/pdftex/updmap/pdftex.map}] [2] [3]
LaTeX Font Info:    Try loading font information for TS1+ppl on input line 156.


(/usr/local/texlive/2015/texmf-dist/tex/latex/psnfss/ts1ppl.fd
File: ts1ppl.fd 2001/06/04 font definitions for TS1/ppl.
)
LaTeX Font Info:    Try loading font information for T1+cmtt on input line 169.


(/usr/local/texlive/2015/texmf-dist/tex/latex/base/t1cmtt.fd
File: t1cmtt.fd 2014/09/29 v2.5h Standard LaTeX font definitions
)
LaTeX Font Info:    Try loading font information for OT1+ppl on input line 169.


(/usr/local/texlive/2015/texmf-dist/tex/latex/psnfss/ot1ppl.fd
File: ot1ppl.fd 2001/06/04 font definitions for OT1/ppl.
)
LaTeX Font Info:    Try loading font information for OML+zplm on input line 169
.

(/usr/local/texlive/2015/texmf-dist/tex/latex/psnfss/omlzplm.fd
File: omlzplm.fd 2002/09/08 Fontinst v1.914 font definitions for OML/zplm.
)
LaTeX Font Info:    Try loading font information for OMS+zplm on input line 169
.

(/usr/local/texlive/2015/texmf-dist/tex/latex/psnfss/omszplm.fd
File: omszplm.fd 2002/09/08 Fontinst v1.914 font definitions for OMS/zplm.
)
LaTeX Font Info:    Try loading font information for OMX+zplm on input line 169
.

(/usr/local/texlive/2015/texmf-dist/tex/latex/psnfss/omxzplm.fd
File: omxzplm.fd 2002/09/08 Fontinst v1.914 font definitions for OMX/zplm.
)
LaTeX Font Info:    Try loading font information for OT1+zplm on input line 169
.

(/usr/local/texlive/2015/texmf-dist/tex/latex/psnfss/ot1zplm.fd
File: ot1zplm.fd 2002/09/08 Fontinst v1.914 font definitions for OT1/zplm.
)
Excluding 'htmlonly' comment. [4]
LaTeX Font Info:    Font shape `T1/ppl/bx/n' in size <24.88> not available
(Font)              Font shape `T1/ppl/b/n' tried instead on input line 206.
LaTeX Font Info:    Font shape `T1/ppl/bx/n' in size <17.28> not available
(Font)              Font shape `T1/ppl/b/n' tried instead on input line 209.


Package Fancyhdr Warning: \headheight is too small (12.0pt): 
 Make it at least 14.49998pt.
 We now make it that large for the rest of the document.
 This may cause the page layout to be inconsistent, however.

[5

]
LaTeX Font Info:    Font shape `T1/ppl/bx/n' in size <12> not available
(Font)              Font shape `T1/ppl/b/n' tried instead on input line 301.
 [6] [7] [8]
Underfull \hbox (badness 10000) in paragraph at lines 412--417
\T1/ppl/m/n/12 If you have a sug-ges-tion or cor-rec-tion, please send email to

 []

[9] [10] (./book.toc [11


] [12] [13] [14] [15] [16])
\tf@toc=\write6
\openout6 = `book.toc'.

 [17] [18

]
Chapter 1.
[1


] [2] [3] [4] [5] [6]
Underfull \hbox (badness 1178) in paragraph at lines 836--839
[]\T1/ppl/m/n/12 The first step is to enu-mer-ate the hy-pothe-ses. The bag the
 yel-low
 []

[7] [8] [9] [10]
Chapter 2.

Underfull \hbox (badness 1242) in paragraph at lines 1073--1077
\T1/cmtt/m/n/12 thinkbayes.py\T1/ppl/m/n/12 . You can down-load it from []$\T1/
cmtt/m/n/12 http : / / thinkbayes . com /
 []

[11

]
LaTeX Font Info:    Try loading font information for TS1+cmtt on input line 112
9.
 (/usr/local/texlive/2015/texmf-dist/tex/latex/base/ts1cmtt.fd
File: ts1cmtt.fd 2014/09/29 v2.5h Standard LaTeX font definitions
) [12]
[13] [14] [15]
Overfull \hbox (16.139pt too wide) in paragraph at lines 1393--1393
[]    \T1/cmtt/m/n/12 """Represents a suite of hypotheses and their probabiliti
es."""[] 
 []

[16] [17] [18] [19] [20

]
Chapter 3.
[21] [22]

LaTeX Warning: File `figs/train1.pdf' not found on input line 1697.


! Package pdftex.def Error: File `figs/train1.pdf' not found.

See the pdftex.def package documentation for explanation.
Type  H <return>  for immediate help.
 ...                                              
                                                  
l.1697 ...graphics[height=2.5in]{figs/train1.pdf}}
                                                  
? 
[23] [24]

LaTeX Warning: File `figs/train4.pdf' not found on input line 1843.


! Package pdftex.def Error: File `figs/train4.pdf' not found.

See the pdftex.def package documentation for explanation.
Type  H <return>  for immediate help.
 ...                                              
                                                  
l.1843 ...graphics[height=2.5in]{figs/train4.pdf}}
                                                  
? 
[25] [26] [27] [28] [29] [30] [31] [32

]
Chapter 4.
[33]

LaTeX Warning: File `figs/euro1.pdf' not found on input line 2182.


! Package pdftex.def Error: File `figs/euro1.pdf' not found.

See the pdftex.def package documentation for explanation.
Type  H <return>  for immediate help.
 ...                                              
                                                  
l.2182 ...egraphics[height=2.5in]{figs/euro1.pdf}}
                                                  
? 
[34]

LaTeX Warning: File `figs/euro2.pdf' not found on input line 2286.


! Package pdftex.def Error: File `figs/euro2.pdf' not found.

See the pdftex.def package documentation for explanation.
Type  H <return>  for immediate help.
 ...                                              
                                                  
l.2286 ...egraphics[height=2.5in]{figs/euro2.pdf}}
                                                  
? 
[35]

LaTeX Warning: File `figs/euro3.pdf' not found on input line 2294.


! Package pdftex.def Error: File `figs/euro3.pdf' not found.

See the pdftex.def package documentation for explanation.
Type  H <return>  for immediate help.
 ...                                              
                                                  
l.2294 ...egraphics[height=2.5in]{figs/euro3.pdf}}
                                                  
? 
[36] [37] [38] [39] [40] [41] [42

]
Chapter 5.
[43] [44] [45] [46] [47]

LaTeX Warning: File `figs/dungeons1.pdf' not found on input line 2976.


! Package pdftex.def Error: File `figs/dungeons1.pdf' not found.

See the pdftex.def package documentation for explanation.
Type  H <return>  for immediate help.
 ...                                              
                                                  
l.2976 ...phics[height=2.5in]{figs/dungeons1.pdf}}
                                                  
? 

LaTeX Warning: File `figs/dungeons2.pdf' not found on input line 2997.


! Package pdftex.def Error: File `figs/dungeons2.pdf' not found.

See the pdftex.def package documentation for explanation.
Type  H <return>  for immediate help.
 ...                                              
                                                  
l.2997 ...phics[height=2.5in]{figs/dungeons2.pdf}}
                                                  
? 
[48] [49] [50]

LaTeX Warning: File `figs/dungeons3.pdf' not found on input line 3134.


! Package pdftex.def Error: File `figs/dungeons3.pdf' not found.

See the pdftex.def package documentation for explanation.
Type  H <return>  for immediate help.
 ...                                              
                                                  
l.3134 ...phics[height=2.5in]{figs/dungeons3.pdf}}
                                                  
? 
[51] [52] [53] [54]
Chapter 6.
[55

]

LaTeX Warning: File `figs/price1.pdf' not found on input line 3326.


! Package pdftex.def Error: File `figs/price1.pdf' not found.

See the pdftex.def package documentation for explanation.
Type  H <return>  for immediate help.
 ...                                              
                                                  
l.3326 ...graphics[height=2.5in]{figs/price1.pdf}}
                                                  
? 
[56] [57] [58]

LaTeX Warning: File `figs/price2.pdf' not found on input line 3545.


! Package pdftex.def Error: File `figs/price2.pdf' not found.

See the pdftex.def package documentation for explanation.
Type  H <return>  for immediate help.
 ...                                              
                                                  
l.3545 ...graphics[height=2.5in]{figs/price2.pdf}}
                                                  
? 
[59] [60] [61] [62]

LaTeX Warning: File `figs/price3.pdf' not found on input line 3721.


! Package pdftex.def Error: File `figs/price3.pdf' not found.

See the pdftex.def package documentation for explanation.
Type  H <return>  for immediate help.
 ...                                              
                                                  
l.3721 ...graphics[height=2.5in]{figs/price3.pdf}}
                                                  
? 
[63] [64]

LaTeX Warning: File `figs/price5.pdf' not found on input line 3854.


! Package pdftex.def Error: File `figs/price5.pdf' not found.

See the pdftex.def package documentation for explanation.
Type  H <return>  for immediate help.
 ...                                              
                                                  
l.3854 ...graphics[height=2.5in]{figs/price5.pdf}}
                                                  
? 
[65] [66] [67] [68]
Chapter 7.
[69

]
Underfull \vbox (badness 1466) has occurred while \output is active []

 [70]

LaTeX Warning: File `figs/hockey1.pdf' not found on input line 4141.


! Package pdftex.def Error: File `figs/hockey1.pdf' not found.

See the pdftex.def package documentation for explanation.
Type  H <return>  for immediate help.
 ...                                              
                                                  
l.4141 ...raphics[height=2.5in]{figs/hockey1.pdf}}
                                                  
? 
[71]

LaTeX Warning: File `figs/hockey2.pdf' not found on input line 4183.


! Package pdftex.def Error: File `figs/hockey2.pdf' not found.

See the pdftex.def package documentation for explanation.
Type  H <return>  for immediate help.
 ...                                              
                                                  
l.4183 ...raphics[height=2.5in]{figs/hockey2.pdf}}
                                                  
? 
[72] [73]

LaTeX Warning: File `figs/hockey3.pdf' not found on input line 4264.


! Package pdftex.def Error: File `figs/hockey3.pdf' not found.

See the pdftex.def package documentation for explanation.
Type  H <return>  for immediate help.
 ...                                              
                                                  
l.4264 ...raphics[height=2.5in]{figs/hockey3.pdf}}
                                                  
? 
[74] [75] [76] [77] [78] [79] [80

]
Chapter 8.

LaTeX Warning: File `figs/redline0.pdf' not found on input line 4586.


! Package pdftex.def Error: File `figs/redline0.pdf' not found.

See the pdftex.def package documentation for explanation.
Type  H <return>  for immediate help.
 ...                                              
                                                  
l.4586 ...aphics[height=2.5in]{figs/redline0.pdf}}
                                                  
? 

Underfull \vbox (badness 2020) has occurred while \output is active []

 [81]
[82]

LaTeX Warning: File `figs/redline2.pdf' not found on input line 4678.


! Package pdftex.def Error: File `figs/redline2.pdf' not found.

See the pdftex.def package documentation for explanation.
Type  H <return>  for immediate help.
 ...                                              
                                                  
l.4678 ...aphics[height=2.5in]{figs/redline2.pdf}}
                                                  
? 

Underfull \vbox (badness 2088) has occurred while \output is active []

 [83]
[84] [85]

LaTeX Warning: File `figs/redline3.pdf' not found on input line 4804.


! Package pdftex.def Error: File `figs/redline3.pdf' not found.

See the pdftex.def package documentation for explanation.
Type  H <return>  for immediate help.
 ...                                              
                                                  
l.4804 ...aphics[height=2.5in]{figs/redline3.pdf}}
                                                  
? 
[86] [87] [88]

LaTeX Warning: File `figs/redline1.pdf' not found on input line 4962.


! Package pdftex.def Error: File `figs/redline1.pdf' not found.

See the pdftex.def package documentation for explanation.
Type  H <return>  for immediate help.
 ...                                              
                                                  
l.4962 ...aphics[height=2.5in]{figs/redline1.pdf}}
                                                  
? 
[89]
Underfull \hbox (badness 10000) in paragraph at lines 5025--5032
[]\T1/ppl/m/n/12 This \T1/cmtt/m/n/12 Likelihood \T1/ppl/m/n/12 might look fa-m
il-iar; it is al-most iden-ti-cal to
 []


Underfull \hbox (badness 10000) in paragraph at lines 5025--5032
\T1/cmtt/m/n/12 Elapsed.Likelihood \T1/ppl/m/n/12 in Sec-tion []8.4[]. The dif-
fer-ence is that in
 []


Underfull \hbox (badness 10000) in paragraph at lines 5025--5032
\T1/cmtt/m/n/12 Elapsed.Likelihood \T1/ppl/m/n/12 the hy-poth-e-sis is \T1/cmtt
/m/n/12 x\T1/ppl/m/n/12 , the elapsed time; in
 []

[90]

LaTeX Warning: File `figs/redline4.pdf' not found on input line 5070.


! Package pdftex.def Error: File `figs/redline4.pdf' not found.

See the pdftex.def package documentation for explanation.
Type  H <return>  for immediate help.
 ...                                              
                                                  
l.5070 ...aphics[height=2.5in]{figs/redline4.pdf}}
                                                  
? 
[91]
Underfull \hbox (badness 2818) in paragraph at lines 5097--5099
[]\T1/ppl/m/n/12 We have al-ready done steps (1) and (2). I wrote a class calle
d
 []


LaTeX Warning: File `figs/redline5.pdf' not found on input line 5152.


! Package pdftex.def Error: File `figs/redline5.pdf' not found.

See the pdftex.def package documentation for explanation.
Type  H <return>  for immediate help.
 ...                                              
                                                  
l.5152 ...aphics[height=2.5in]{figs/redline5.pdf}}
                                                  
? 
[92] [93] [94] [95] [96]
Chapter 9.

LaTeX Warning: File `figs/paintball.pdf' not found on input line 5380.


! Package pdftex.def Error: File `figs/paintball.pdf' not found.

See the pdftex.def package documentation for explanation.
Type  H <return>  for immediate help.
 ...                                              
                                                  
l.5380 ...phics[height=2.5in]{figs/paintball.pdf}}
                                                  
? 
[97

]

LaTeX Warning: File `figs/paintball2.pdf' not found on input line 5415.


! Package pdftex.def Error: File `figs/paintball2.pdf' not found.

See the pdftex.def package documentation for explanation.
Type  H <return>  for immediate help.
 ...                                              
                                                  
l.5415 ...hics[height=2.5in]{figs/paintball2.pdf}}
                                                  
? 
[98] [99]

LaTeX Warning: File `figs/paintball1.pdf' not found on input line 5489.


! Package pdftex.def Error: File `figs/paintball1.pdf' not found.

See the pdftex.def package documentation for explanation.
Type  H <return>  for immediate help.
 ...                                              
                                                  
l.5489 ...hics[height=2.5in]{figs/paintball1.pdf}}
                                                  
? 
[100] [101]

LaTeX Warning: File `figs/paintball3.pdf' not found on input line 5623.


! Package pdftex.def Error: File `figs/paintball3.pdf' not found.

See the pdftex.def package documentation for explanation.
Type  H <return>  for immediate help.
 ...                                              
                                                  
l.5623 ...hics[height=2.5in]{figs/paintball3.pdf}}
                                                  
? 
[102] [103]

LaTeX Warning: File `figs/paintball5.pdf' not found on input line 5687.


! Package pdftex.def Error: File `figs/paintball5.pdf' not found.

See the pdftex.def package documentation for explanation.
Type  H <return>  for immediate help.
 ...                                              
                                                  
l.5687 ...hics[height=2.5in]{figs/paintball5.pdf}}
                                                  
? 
[104] [105]
Underfull \hbox (badness 1297) in paragraph at lines 5776--5782
[]\T1/ppl/m/n/12 I also pre-sented \T1/cmtt/m/n/12 Joint\T1/ppl/m/n/12 , which 
is a par-ent class that pro-vides meth-
 []


Underfull \hbox (badness 3078) in paragraph at lines 5776--5782
\T1/ppl/m/n/12 ods that ap-ply to joint dis-tri-bu-tions: \T1/cmtt/m/n/12 Margi
nal\T1/ppl/m/n/12 , \T1/cmtt/m/n/12 Conditional\T1/ppl/m/n/12 , and
 []

[106] [107] [108

]
Chapter 10.

Underfull \hbox (badness 10000) in paragraph at lines 5877--5878
[]\T1/ppl/m/n/12 From []$\T1/cmtt/m/n/12 http : / / en . wikipedia . org / wiki
 / Variability _
 []

[109] [110] [111]
Underfull \hbox (badness 1210) in paragraph at lines 6060--6063
[]\T1/cmtt/m/n/12 numpy.linspace \T1/ppl/m/n/12 makes an ar-ray of equally spac
ed el-e-ments be-tween
 []

[112] [113] [114] [115] [116]
Overfull \hbox (3.79202pt too wide) in paragraph at lines 6329--6329
[]            \T1/cmtt/m/n/12 loglike = -n * math.log(sigma) - total / 2 / sigm
a**2[] 
 []

[117] [118]

LaTeX Warning: File `figs/variability_posterior_male.pdf' not found on input li
ne 6459.


! Package pdftex.def Error: File `figs/variability_posterior_male.pdf' not foun
d.

See the pdftex.def package documentation for explanation.
Type  H <return>  for immediate help.
 ...                                              
                                                  
l.6459 ...n]{figs/variability_posterior_male.pdf}}
                                                  
? 

LaTeX Warning: File `figs/variability_posterior_female.pdf' not found on input 
line 6467.


! Package pdftex.def Error: File `figs/variability_posterior_female.pdf' not fo
und.

See the pdftex.def package documentation for explanation.
Type  H <return>  for immediate help.
 ...                                              
                                                  
l.6467 ...{figs/variability_posterior_female.pdf}}
                                                  
? 
[119] [120] [121]

LaTeX Warning: File `figs/variability_cv.pdf' not found on input line 6575.


! Package pdftex.def Error: File `figs/variability_cv.pdf' not found.

See the pdftex.def package documentation for explanation.
Type  H <return>  for immediate help.
 ...                                              
                                                  
l.6575 ...[height=2.5in]{figs/variability_cv.pdf}}
                                                  
? 
[122] [123] [124]
Chapter 11.
[125

] [126] [127] [128] [129] [130]
Chapter 12.
[131

] [132]

LaTeX Warning: File `figs/sat_prior.pdf' not found on input line 7123.


! Package pdftex.def Error: File `figs/sat_prior.pdf' not found.

See the pdftex.def package documentation for explanation.
Type  H <return>  for immediate help.
 ...                                              
                                                  
l.7123 ...phics[height=2.5in]{figs/sat_prior.pdf}}
                                                  
? 
[133]

LaTeX Warning: File `figs/sat_posteriors_p_corr.pdf' not found on input line 71
89.


! Package pdftex.def Error: File `figs/sat_posteriors_p_corr.pdf' not found.

See the pdftex.def package documentation for explanation.
Type  H <return>  for immediate help.
 ...                                              
                                                  
l.7189 ...=2.5in]{figs/sat_posteriors_p_corr.pdf}}
                                                  
? 
[134] [135] [136] [137]
Underfull \hbox (badness 10000) in paragraph at lines 7408--7413
\T1/ppl/m/n/12 If we were given the dis-tri-bu-tion of dif-fi-culty, we could u
se
 []


LaTeX Warning: File `figs/sat_calibrate.pdf' not found on input line 7416.


! Package pdftex.def Error: File `figs/sat_calibrate.pdf' not found.

See the pdftex.def package documentation for explanation.
Type  H <return>  for immediate help.
 ...                                              
                                                  
l.7416 ...s[height=2.5in]{figs/sat_calibrate.pdf}}
                                                  
? 
[138]

LaTeX Warning: File `figs/sat_posteriors_eff.pdf' not found on input line 7472.



! Package pdftex.def Error: File `figs/sat_posteriors_eff.pdf' not found.

See the pdftex.def package documentation for explanation.
Type  H <return>  for immediate help.
 ...                                              
                                                  
l.7472 ...ght=2.5in]{figs/sat_posteriors_eff.pdf}}
                                                  
? 
[139] [140] [141]

LaTeX Warning: File `figs/sat_joint.pdf' not found on input line 7590.


! Package pdftex.def Error: File `figs/sat_joint.pdf' not found.

See the pdftex.def package documentation for explanation.
Type  H <return>  for immediate help.
 ...                                              
                                                  
l.7590 ...phics[height=2.5in]{figs/sat_joint.pdf}}
                                                  
? 
[142] [143] [144

]
Chapter 13.
[145]

LaTeX Warning: File `figs/kidney2.pdf' not found on input line 7700.


! Package pdftex.def Error: File `figs/kidney2.pdf' not found.

See the pdftex.def package documentation for explanation.
Type  H <return>  for immediate help.
 ...                                              
                                                  
l.7700 ...raphics[height=2.5in]{figs/kidney2.pdf}}
                                                  
? 
[146]
Overfull \hbox (22.3125pt too wide) in paragraph at lines 7755--7755
[]    \T1/cmtt/m/n/12 # doubling time in linear measure is doubling time in vol
ume * 3[] 
 []


Overfull \hbox (3.79202pt too wide) in paragraph at lines 7755--7755
[]    \T1/cmtt/m/n/12 # how big was the tumor at time of discharge (diameter in
 cm)[] 
 []

[147] [148]

LaTeX Warning: File `figs/kidney4.pdf' not found on input line 7855.


! Package pdftex.def Error: File `figs/kidney4.pdf' not found.

See the pdftex.def package documentation for explanation.
Type  H <return>  for immediate help.
 ...                                              
                                                  
l.7855 ...raphics[height=2.5in]{figs/kidney4.pdf}}
                                                  
? 
[149]
Overfull \hbox (28.486pt too wide) in paragraph at lines 7901--7901
[]\T1/cmtt/m/n/12 def MakeSequence(rdt_seq, v0=0.01, interval=0.67, vmax=Volume
(20.0)):[] 
 []

[150]

LaTeX Warning: File `figs/kidney8.pdf' not found on input line 7951.


! Package pdftex.def Error: File `figs/kidney8.pdf' not found.

See the pdftex.def package documentation for explanation.
Type  H <return>  for immediate help.
 ...                                              
                                                  
l.7951 ...raphics[height=2.5in]{figs/kidney8.pdf}}
                                                  
? 

LaTeX Warning: File `figs/kidney6.pdf' not found on input line 7988.


! Package pdftex.def Error: File `figs/kidney6.pdf' not found.

See the pdftex.def package documentation for explanation.
Type  H <return>  for immediate help.
 ...                                              
                                                  
l.7988 ...raphics[height=2.5in]{figs/kidney6.pdf}}
                                                  
? 
[151]

LaTeX Warning: File `figs/kidney7.pdf' not found on input line 8029.


! Package pdftex.def Error: File `figs/kidney7.pdf' not found.

See the pdftex.def package documentation for explanation.
Type  H <return>  for immediate help.
 ...                                              
                                                  
l.8029 ...raphics[height=2.5in]{figs/kidney7.pdf}}
                                                  
? 
[152]
Underfull \hbox (badness 2837) in paragraph at lines 8052--8056
[][]\T1/cmtt/m/n/12 bucket \T1/ppl/m/n/12 is the in-te-ger bucket num-ber cor-r
e-spond-ing to tu-mor size.
 []


Underfull \vbox (badness 1303) has occurred while \output is active []

 [153]
[154] [155]

! LaTeX Error: File `kidney_table2.tex' not found.

Type X to quit or <RETURN> to proceed,
or enter new name. (Default extension: tex)

Enter file name: 
[156] [157] [158

]
Chapter 14.
[159]

LaTeX Warning: File `figs/jaynes1.pdf' not found on input line 8376.


! Package pdftex.def Error: File `figs/jaynes1.pdf' not found.

See the pdftex.def package documentation for explanation.
Type  H <return>  for immediate help.
 ...                                              
                                                  
l.8376 ...raphics[height=2.5in]{figs/jaynes1.pdf}}
                                                  
? 
[160] [161] [162]

LaTeX Warning: File `figs/jaynes2.pdf' not found on input line 8548.


! Package pdftex.def Error: File `figs/jaynes2.pdf' not found.

See the pdftex.def package documentation for explanation.
Type  H <return>  for immediate help.
 ...                                              
                                                  
l.8548 ...raphics[height=2.5in]{figs/jaynes2.pdf}}
                                                  
? 
[163]
Overfull \hbox (40.83298pt too wide) in paragraph at lines 8562--8562
[]        \T1/cmtt/m/n/12 items = [(detector.r, prob) for detector, prob in sel
f.Items()][] 
 []

[164] [165] [166

]
Chapter 15.
[167] [168] [169]

LaTeX Warning: File `figs/species1.pdf' not found on input line 8863.


! Package pdftex.def Error: File `figs/species1.pdf' not found.

See the pdftex.def package documentation for explanation.
Type  H <return>  for immediate help.
 ...                                              
                                                  
l.8863 ...aphics[height=2.5in]{figs/species1.pdf}}
                                                  
? 
[170]
Underfull \hbox (badness 2384) in paragraph at lines 8944--8948
[]\T1/cmtt/m/n/12 data \T1/ppl/m/n/12 is a se-quence of ob-served counts; \T1/c
mtt/m/n/12 hypo \T1/ppl/m/n/12 is a Dirich-let ob-ject.
 []

[171] [172]

LaTeX Warning: File `figs/species2.pdf' not found on input line 9035.


! Package pdftex.def Error: File `figs/species2.pdf' not found.

See the pdftex.def package documentation for explanation.
Type  H <return>  for immediate help.
 ...                                              
                                                  
l.9035 ...aphics[height=2.5in]{figs/species2.pdf}}
                                                  
? 
[173] [174] [175] [176] [177] [178] [179] [180]

LaTeX Warning: File `figs/species-ndist-B1242.pdf' not found on input line 9500
.


! Package pdftex.def Error: File `figs/species-ndist-B1242.pdf' not found.

See the pdftex.def package documentation for explanation.
Type  H <return>  for immediate help.
 ...                                              
                                                  
l.9500 ...ht=2.5in]{figs/species-ndist-B1242.pdf}}
                                                  
? 
[181]

LaTeX Warning: File `figs/species-prev-B1242.pdf' not found on input line 9552.



! Package pdftex.def Error: File `figs/species-prev-B1242.pdf' not found.

See the pdftex.def package documentation for explanation.
Type  H <return>  for immediate help.
 ...                                              
                                                  
l.9552 ...ght=2.5in]{figs/species-prev-B1242.pdf}}
                                                  
? 
[182]

LaTeX Warning: File `figs/species-rare-B1242.pdf' not found on input line 9587.



! Package pdftex.def Error: File `figs/species-rare-B1242.pdf' not found.

See the pdftex.def package documentation for explanation.
Type  H <return>  for immediate help.
 ...                                              
                                                  
l.9587 ...ght=2.5in]{figs/species-rare-B1242.pdf}}
                                                  
? 
[183] [184]
Underfull \hbox (badness 10000) in paragraph at lines 9670--9672
[]\T1/ppl/m/n/12 Before we see the re-sults, let's look at \T1/cmtt/m/n/12 GetS
eenSpecies \T1/ppl/m/n/12 and
 []


Underfull \hbox (badness 10000) in paragraph at lines 9701--9704
[]\T1/ppl/m/n/12 Given a name like \T1/cmtt/m/n/12 Corynebacterium\T1/ppl/m/n/1
2 , \T1/cmtt/m/n/12 SpeciesGenerator \T1/ppl/m/n/12 yields
 []


Underfull \hbox (badness 1286) in paragraph at lines 9701--9704
\T1/cmtt/m/n/12 Corynebacterium-1\T1/ppl/m/n/12 . When the list of names is ex-
hausted, it yields
 []

[185] [186]

LaTeX Warning: File `figs/species-cond-B1242.pdf' not found on input line 9772.



! Package pdftex.def Error: File `figs/species-cond-B1242.pdf' not found.

See the pdftex.def package documentation for explanation.
Type  H <return>  for immediate help.
 ...                                              
                                                  
l.9772 ...ght=2.5in]{figs/species-cond-B1242.pdf}}
                                                  
? 
[187]

LaTeX Warning: File `figs/species-frac-B1242.pdf' not found on input line 9838.



! Package pdftex.def Error: File `figs/species-frac-B1242.pdf' not found.

See the pdftex.def package documentation for explanation.
Type  H <return>  for immediate help.
 ...                                              
                                                  
l.9838 ...ght=2.5in]{figs/species-frac-B1242.pdf}}
                                                  
? 

Underfull \vbox (badness 10000) has occurred while \output is active []

 [188]
[189]
Underfull \hbox (badness 10000) in paragraph at lines 9912--9914
[]\T1/ppl/m/n/12 You can read about the prob-lems, and how I ad-dressed
 []


Underfull \hbox (badness 10000) in paragraph at lines 9912--9914
\T1/ppl/m/n/12 them, at []$\T1/cmtt/m/n/12 http : / / allendowney . blogspot . 
com / 2013 / 05 /
 []

[190]
No file book.ind.
Package atveryend Info: Empty hook `BeforeClearDocument' on input line 9987.
[191]
Package atveryend Info: Empty hook `AfterLastShipout' on input line 9987.
 (./book.aux)
Package atveryend Info: Executing hook `AtVeryEndDocument' on input line 9987.
Package atveryend Info: Executing hook `AtEndAfterFileList' on input line 9987.

Package rerunfilecheck Info: File `book.out' has not changed.
(rerunfilecheck)             Checksum: 4BBE8939A80584B8A4C335FCAC072F89;9488.
Package atveryend Info: Empty hook `AtVeryVeryEnd' on input line 9987.
 ) 
Here is how much of TeX's memory you used:
 9298 strings out of 493089
 135564 string characters out of 6134842
 227205 words of memory out of 5000000
 12091 multiletter control sequences out of 15000+600000
 45716 words of font info for 98 fonts, out of 8000000 for 9000
 1141 hyphenation exceptions out of 8191
 44i,11n,43p,298b,468s stack positions out of 5000i,500n,10000p,200000b,80000s
{/usr/local/texlive/2015/texmf-dist/fonts/enc/dvips/cm-super/cm-super-ts1.enc
}{/usr/local/texlive/2015/texmf-dist/fonts/enc/dvips/cm-super/cm-super-t1.enc}{
/usr/local/texlive/2015/texmf-dist/fonts/enc/dvips/base/8r.enc}</usr/local/texl
ive/2015/texmf-dist/fonts/type1/public/amsfonts/cm/cmex10.pfb></usr/local/texli
ve/2015/texmf-dist/fonts/type1/public/amsfonts/cm/cmmi10.pfb></usr/local/texliv
e/2015/texmf-dist/fonts/type1/public/amsfonts/cm/cmr10.pfb></usr/local/texlive/
2015/texmf-dist/fonts/type1/public/amsfonts/cm/cmsy10.pfb></usr/local/texlive/2
015/texmf-dist/fonts/type1/public/mathpazo/fplmr.pfb></usr/local/texlive/2015/t
exmf-dist/fonts/type1/public/mathpazo/fplmri.pfb></usr/local/texlive/2015/texmf
-dist/fonts/type1/public/cm-super/sftt1000.pfb></usr/local/texlive/2015/texmf-d
ist/fonts/type1/public/cm-super/sftt1200.pfb></usr/local/texlive/2015/texmf-dis
t/fonts/type1/urw/palatino/uplb8a.pfb></usr/local/texlive/2015/texmf-dist/fonts
/type1/urw/palatino/uplr8a.pfb></usr/local/texlive/2015/texmf-dist/fonts/type1/
urw/palatino/uplri8a.pfb>
Output written on book.pdf (209 pages, 540524 bytes).
PDF statistics:
 2156 PDF objects out of 2487 (max. 8388607)
 1914 compressed objects within 20 object streams
 480 named destinations out of 1000 (max. 500000)
 1193 words of extra memory for PDF output out of 10000 (max. 10000000)

