This is pdfTeX, Version 3.14159265-2.6-1.40.16 (TeX Live 2015) (preloaded format=pdflatex 2015.5.24)  24 FEB 2016 14:50
entering extended mode
 restricted \write18 enabled.
 %&-line parsing enabled.
**book
(./book.tex
LaTeX2e <2015/01/01>
Babel <3.9l> and hyphenation patterns for 79 languages loaded.
(/usr/local/texlive/2015/texmf-dist/tex/latex/base/book.cls
Document Class: book 2014/09/29 v1.4h Standard LaTeX document class
(/usr/local/texlive/2015/texmf-dist/tex/latex/base/bk10.clo
File: bk10.clo 2014/09/29 v1.4h Standard LaTeX file (size option)
)
\c@part=\count79
\c@chapter=\count80
\c@section=\count81
\c@subsection=\count82
\c@subsubsection=\count83
\c@paragraph=\count84
\c@subparagraph=\count85
\c@figure=\count86
\c@table=\count87
\abovecaptionskip=\skip41
\belowcaptionskip=\skip42
\bibindent=\dimen102
)
(/usr/local/texlive/2015/texmf-dist/tex/latex/geometry/geometry.sty
Package: geometry 2010/09/12 v5.6 Page Geometry

(/usr/local/texlive/2015/texmf-dist/tex/latex/graphics/keyval.sty
Package: keyval 2014/10/28 v1.15 key=value parser (DPC)
\KV@toks@=\toks14
)
(/usr/local/texlive/2015/texmf-dist/tex/generic/oberdiek/ifpdf.sty
Package: ifpdf 2011/01/30 v2.3 Provides the ifpdf switch (HO)
Package ifpdf Info: pdfTeX in PDF mode is detected.
)
(/usr/local/texlive/2015/texmf-dist/tex/generic/oberdiek/ifvtex.sty
Package: ifvtex 2010/03/01 v1.5 Detect VTeX and its facilities (HO)
Package ifvtex Info: VTeX not detected.
)
(/usr/local/texlive/2015/texmf-dist/tex/generic/ifxetex/ifxetex.sty
Package: ifxetex 2010/09/12 v0.6 Provides ifxetex conditional
)
\Gm@cnth=\count88
\Gm@cntv=\count89
\c@Gm@tempcnt=\count90
\Gm@bindingoffset=\dimen103
\Gm@wd@mp=\dimen104
\Gm@odd@mp=\dimen105
\Gm@even@mp=\dimen106
\Gm@layoutwidth=\dimen107
\Gm@layoutheight=\dimen108
\Gm@layouthoffset=\dimen109
\Gm@layoutvoffset=\dimen110
\Gm@dimlist=\toks15
)
(/usr/local/texlive/2015/texmf-dist/tex/latex/base/fontenc.sty
Package: fontenc 2005/09/27 v1.99g Standard LaTeX package

(/usr/local/texlive/2015/texmf-dist/tex/latex/base/t1enc.def
File: t1enc.def 2005/09/27 v1.99g Standard LaTeX file
LaTeX Font Info:    Redeclaring font encoding T1 on input line 48.
))
(/usr/local/texlive/2015/texmf-dist/tex/latex/base/textcomp.sty
Package: textcomp 2005/09/27 v1.99g Standard LaTeX package
Package textcomp Info: Sub-encoding information:
(textcomp)               5 = only ISO-Adobe without \textcurrency
(textcomp)               4 = 5 + \texteuro
(textcomp)               3 = 4 + \textohm
(textcomp)               2 = 3 + \textestimated + \textcurrency
(textcomp)               1 = TS1 - \textcircled - \t
(textcomp)               0 = TS1 (full)
(textcomp)             Font families with sub-encoding setting implement
(textcomp)             only a restricted character set as indicated.
(textcomp)             Family '?' is the default used for unknown fonts.
(textcomp)             See the documentation for details.
Package textcomp Info: Setting ? sub-encoding to TS1/1 on input line 79.

(/usr/local/texlive/2015/texmf-dist/tex/latex/base/ts1enc.def
File: ts1enc.def 2001/06/05 v3.0e (jk/car/fm) Standard LaTeX file
)
LaTeX Info: Redefining \oldstylenums on input line 334.
Package textcomp Info: Setting cmr sub-encoding to TS1/0 on input line 349.
Package textcomp Info: Setting cmss sub-encoding to TS1/0 on input line 350.
Package textcomp Info: Setting cmtt sub-encoding to TS1/0 on input line 351.
Package textcomp Info: Setting cmvtt sub-encoding to TS1/0 on input line 352.
Package textcomp Info: Setting cmbr sub-encoding to TS1/0 on input line 353.
Package textcomp Info: Setting cmtl sub-encoding to TS1/0 on input line 354.
Package textcomp Info: Setting ccr sub-encoding to TS1/0 on input line 355.
Package textcomp Info: Setting ptm sub-encoding to TS1/4 on input line 356.
Package textcomp Info: Setting pcr sub-encoding to TS1/4 on input line 357.
Package textcomp Info: Setting phv sub-encoding to TS1/4 on input line 358.
Package textcomp Info: Setting ppl sub-encoding to TS1/3 on input line 359.
Package textcomp Info: Setting pag sub-encoding to TS1/4 on input line 360.
Package textcomp Info: Setting pbk sub-encoding to TS1/4 on input line 361.
Package textcomp Info: Setting pnc sub-encoding to TS1/4 on input line 362.
Package textcomp Info: Setting pzc sub-encoding to TS1/4 on input line 363.
Package textcomp Info: Setting bch sub-encoding to TS1/4 on input line 364.
Package textcomp Info: Setting put sub-encoding to TS1/5 on input line 365.
Package textcomp Info: Setting uag sub-encoding to TS1/5 on input line 366.
Package textcomp Info: Setting ugq sub-encoding to TS1/5 on input line 367.
Package textcomp Info: Setting ul8 sub-encoding to TS1/4 on input line 368.
Package textcomp Info: Setting ul9 sub-encoding to TS1/4 on input line 369.
Package textcomp Info: Setting augie sub-encoding to TS1/5 on input line 370.
Package textcomp Info: Setting dayrom sub-encoding to TS1/3 on input line 371.
Package textcomp Info: Setting dayroms sub-encoding to TS1/3 on input line 372.

Package textcomp Info: Setting pxr sub-encoding to TS1/0 on input line 373.
Package textcomp Info: Setting pxss sub-encoding to TS1/0 on input line 374.
Package textcomp Info: Setting pxtt sub-encoding to TS1/0 on input line 375.
Package textcomp Info: Setting txr sub-encoding to TS1/0 on input line 376.
Package textcomp Info: Setting txss sub-encoding to TS1/0 on input line 377.
Package textcomp Info: Setting txtt sub-encoding to TS1/0 on input line 378.
Package textcomp Info: Setting lmr sub-encoding to TS1/0 on input line 379.
Package textcomp Info: Setting lmdh sub-encoding to TS1/0 on input line 380.
Package textcomp Info: Setting lmss sub-encoding to TS1/0 on input line 381.
Package textcomp Info: Setting lmssq sub-encoding to TS1/0 on input line 382.
Package textcomp Info: Setting lmvtt sub-encoding to TS1/0 on input line 383.
Package textcomp Info: Setting lmtt sub-encoding to TS1/0 on input line 384.
Package textcomp Info: Setting qhv sub-encoding to TS1/0 on input line 385.
Package textcomp Info: Setting qag sub-encoding to TS1/0 on input line 386.
Package textcomp Info: Setting qbk sub-encoding to TS1/0 on input line 387.
Package textcomp Info: Setting qcr sub-encoding to TS1/0 on input line 388.
Package textcomp Info: Setting qcs sub-encoding to TS1/0 on input line 389.
Package textcomp Info: Setting qpl sub-encoding to TS1/0 on input line 390.
Package textcomp Info: Setting qtm sub-encoding to TS1/0 on input line 391.
Package textcomp Info: Setting qzc sub-encoding to TS1/0 on input line 392.
Package textcomp Info: Setting qhvc sub-encoding to TS1/0 on input line 393.
Package textcomp Info: Setting futs sub-encoding to TS1/4 on input line 394.
Package textcomp Info: Setting futx sub-encoding to TS1/4 on input line 395.
Package textcomp Info: Setting futj sub-encoding to TS1/4 on input line 396.
Package textcomp Info: Setting hlh sub-encoding to TS1/3 on input line 397.
Package textcomp Info: Setting hls sub-encoding to TS1/3 on input line 398.
Package textcomp Info: Setting hlst sub-encoding to TS1/3 on input line 399.
Package textcomp Info: Setting hlct sub-encoding to TS1/5 on input line 400.
Package textcomp Info: Setting hlx sub-encoding to TS1/5 on input line 401.
Package textcomp Info: Setting hlce sub-encoding to TS1/5 on input line 402.
Package textcomp Info: Setting hlcn sub-encoding to TS1/5 on input line 403.
Package textcomp Info: Setting hlcw sub-encoding to TS1/5 on input line 404.
Package textcomp Info: Setting hlcf sub-encoding to TS1/5 on input line 405.
Package textcomp Info: Setting pplx sub-encoding to TS1/3 on input line 406.
Package textcomp Info: Setting pplj sub-encoding to TS1/3 on input line 407.
Package textcomp Info: Setting ptmx sub-encoding to TS1/4 on input line 408.
Package textcomp Info: Setting ptmj sub-encoding to TS1/4 on input line 409.
)
(/usr/local/texlive/2015/texmf-dist/tex/latex/psnfss/mathpazo.sty
Package: mathpazo 2005/04/12 PSNFSS-v9.2a Palatino w/ Pazo Math (D.Puga, WaS) 
\symupright=\mathgroup4
)
(/usr/local/texlive/2015/texmf-dist/tex/latex/url/url.sty
\Urlmuskip=\muskip10
Package: url 2013/09/16  ver 3.4  Verb mode for urls, etc.
)
(/usr/local/texlive/2015/texmf-dist/tex/latex/fancyhdr/fancyhdr.sty
\fancy@headwidth=\skip43
\f@ncyO@elh=\skip44
\f@ncyO@erh=\skip45
\f@ncyO@olh=\skip46
\f@ncyO@orh=\skip47
\f@ncyO@elf=\skip48
\f@ncyO@erf=\skip49
\f@ncyO@olf=\skip50
\f@ncyO@orf=\skip51
)
(/usr/local/texlive/2015/texmf-dist/tex/latex/graphics/graphicx.sty
Package: graphicx 2014/10/28 v1.0g Enhanced LaTeX Graphics (DPC,SPQR)

(/usr/local/texlive/2015/texmf-dist/tex/latex/graphics/graphics.sty
Package: graphics 2014/10/28 v1.0p Standard LaTeX Graphics (DPC,SPQR)

(/usr/local/texlive/2015/texmf-dist/tex/latex/graphics/trig.sty
Package: trig 1999/03/16 v1.09 sin cos tan (DPC)
)
(/usr/local/texlive/2015/texmf-dist/tex/latex/latexconfig/graphics.cfg
File: graphics.cfg 2010/04/23 v1.9 graphics configuration of TeX Live
)
Package graphics Info: Driver file: pdftex.def on input line 94.

(/usr/local/texlive/2015/texmf-dist/tex/latex/pdftex-def/pdftex.def
File: pdftex.def 2011/05/27 v0.06d Graphics/color for pdfTeX

(/usr/local/texlive/2015/texmf-dist/tex/generic/oberdiek/infwarerr.sty
Package: infwarerr 2010/04/08 v1.3 Providing info/warning/error messages (HO)
)
(/usr/local/texlive/2015/texmf-dist/tex/generic/oberdiek/ltxcmds.sty
Package: ltxcmds 2011/11/09 v1.22 LaTeX kernel commands for general use (HO)
)
\Gread@gobject=\count91
))
\Gin@req@height=\dimen111
\Gin@req@width=\dimen112
)
(/usr/local/texlive/2015/texmf-dist/tex/latex/amsmath/amsmath.sty
Package: amsmath 2013/01/14 v2.14 AMS math features
\@mathmargin=\skip52

For additional information on amsmath, use the `?' option.
(/usr/local/texlive/2015/texmf-dist/tex/latex/amsmath/amstext.sty
Package: amstext 2000/06/29 v2.01

(/usr/local/texlive/2015/texmf-dist/tex/latex/amsmath/amsgen.sty
File: amsgen.sty 1999/11/30 v2.0
\@emptytoks=\toks16
\ex@=\dimen113
))
(/usr/local/texlive/2015/texmf-dist/tex/latex/amsmath/amsbsy.sty
Package: amsbsy 1999/11/29 v1.2d
\pmbraise@=\dimen114
)
(/usr/local/texlive/2015/texmf-dist/tex/latex/amsmath/amsopn.sty
Package: amsopn 1999/12/14 v2.01 operator names
)
\inf@bad=\count92
LaTeX Info: Redefining \frac on input line 210.
\uproot@=\count93
\leftroot@=\count94
LaTeX Info: Redefining \overline on input line 306.
\classnum@=\count95
\DOTSCASE@=\count96
LaTeX Info: Redefining \ldots on input line 378.
LaTeX Info: Redefining \dots on input line 381.
LaTeX Info: Redefining \cdots on input line 466.
\Mathstrutbox@=\box26
\strutbox@=\box27
\big@size=\dimen115
LaTeX Font Info:    Redeclaring font encoding OML on input line 566.
LaTeX Font Info:    Redeclaring font encoding OMS on input line 567.
\macc@depth=\count97
\c@MaxMatrixCols=\count98
\dotsspace@=\muskip11
\c@parentequation=\count99
\dspbrk@lvl=\count100
\tag@help=\toks17
\row@=\count101
\column@=\count102
\maxfields@=\count103
\andhelp@=\toks18
\eqnshift@=\dimen116
\alignsep@=\dimen117
\tagshift@=\dimen118
\tagwidth@=\dimen119
\totwidth@=\dimen120
\lineht@=\dimen121
\@envbody=\toks19
\multlinegap=\skip53
\multlinetaggap=\skip54
\mathdisplay@stack=\toks20
LaTeX Info: Redefining \[ on input line 2665.
LaTeX Info: Redefining \] on input line 2666.
)
(/usr/local/texlive/2015/texmf-dist/tex/latex/amscls/amsthm.sty
Package: amsthm 2015/03/04 v2.20.2
\thm@style=\toks21
\thm@bodyfont=\toks22
\thm@headfont=\toks23
\thm@notefont=\toks24
\thm@headpunct=\toks25
\thm@preskip=\skip55
\thm@postskip=\skip56
\thm@headsep=\skip57
\dth@everypar=\toks26
)
(/usr/local/texlive/2015/texmf-dist/tex/latex/amsfonts/amssymb.sty
Package: amssymb 2013/01/14 v3.01 AMS font symbols

(/usr/local/texlive/2015/texmf-dist/tex/latex/amsfonts/amsfonts.sty
Package: amsfonts 2013/01/14 v3.01 Basic AMSFonts support
\symAMSa=\mathgroup5
\symAMSb=\mathgroup6
LaTeX Font Info:    Overwriting math alphabet `\mathfrak' in version `bold'
(Font)                  U/euf/m/n --> U/euf/b/n on input line 106.
))
(/usr/local/texlive/2015/texmf-dist/tex/latex/exercise/exercise.sty
Package: exercise 2014/10/20 v1.6 Exercise package (P.Pichaureau)

(/usr/local/texlive/2015/texmf-dist/tex/latex/base/ifthen.sty
Package: ifthen 2014/09/29 v1.1c Standard LaTeX ifthen package (DPC)
)
\ExerciseSkipBefore=\skip58
\ExerciseSkipAfter=\skip59
\AnswerSkipBefore=\skip60
\AnswerSkipAfter=\skip61
\Exesep=\skip62
\Exetopsep=\skip63
\Exeparsep=\skip64
\Exepartopsep=\skip65
\Exeleftmargin=\skip66
\Exerightmargin=\skip67
\Exelabelwidth=\skip68
\Exelabelsep=\skip69
\ExerciseBefore=\skip70
\QuestionBefore=\skip71
\subQuestionBefore=\skip72
\subsubQuestionBefore=\skip73
\QuestionIndent=\skip74
\subQuestionIndent=\skip75
\subsubQuestionIndent=\skip76
\c@Exercise=\count104
\c@Answer=\count105
\c@ExePart=\count106
\c@Question=\count107
\c@subQuestion=\count108
\c@subsubQuestion=\count109
\c@savedQuestion=\count110
\c@savedsubQuestion=\count111
\c@savedsubsubQuestion=\count112
\@QuestionLevel=\count113
\@Exercisebox=\box28
\all@Exercisebox=\box29
\temp@Exercisebox=\box30
\all@Answerbox=\box31
\temp@Answerbox=\box32
\ExerciseDifficulty=\count114
\QuestionDifficulty=\count115
\subQuestionDifficulty=\count116
\subsubQuestionDifficulty=\count117
\ExePartDifficulty=\count118
\@Answerbox=\box33
\colonnesLevel=\count119
\tempskipa=\skip77
\tempskipb=\skip78
\@savedmathindent=\skip79
)
(/usr/local/texlive/2015/texmf-dist/tex/latex/base/makeidx.sty
Package: makeidx 2014/09/29 v1.0m Standard LaTeX package
)
(/usr/local/texlive/2015/texmf-dist/tex/latex/setspace/setspace.sty
Package: setspace 2011/12/19 v6.7a set line spacing
)
(./hevea.sty
Package: hevea 2002/01/11
 (/usr/local/texlive/2015/texmf-dist/tex/latex/comment/comment.sty
\CommentStream=\write3

Excluding comment 'comment')
\c@cuttingdepth=\count120
 Excluding comment 'rawhtml'
Excluding comment 'htmlonly'
\@bgcolorbin=\box34
)
(/usr/local/texlive/2015/texmf-dist/tex/latex/tools/verbatim.sty
Package: verbatim 2014/10/28 v1.5q LaTeX2e package for verbatim enhancements
\every@verbatim=\toks27
\verbatim@line=\toks28
\verbatim@in@stream=\read1
)
(/usr/local/texlive/2015/texmf-dist/tex/latex/upquote/upquote.sty
Package: upquote 2012/04/19 v1.3 upright-quote and grave-accent glyphs in verba
tim
)
\@indexfile=\write4
\openout4 = `book.idx'.


Writing index file book.idx
(./book.aux)
\openout1 = `book.aux'.

LaTeX Font Info:    Checking defaults for OML/cmm/m/it on input line 83.
LaTeX Font Info:    ... okay on input line 83.
LaTeX Font Info:    Checking defaults for T1/cmr/m/n on input line 83.
LaTeX Font Info:    ... okay on input line 83.
LaTeX Font Info:    Checking defaults for OT1/cmr/m/n on input line 83.
LaTeX Font Info:    ... okay on input line 83.
LaTeX Font Info:    Checking defaults for OMS/cmsy/m/n on input line 83.
LaTeX Font Info:    ... okay on input line 83.
LaTeX Font Info:    Checking defaults for OMX/cmex/m/n on input line 83.
LaTeX Font Info:    ... okay on input line 83.
LaTeX Font Info:    Checking defaults for U/cmr/m/n on input line 83.
LaTeX Font Info:    ... okay on input line 83.
LaTeX Font Info:    Checking defaults for TS1/cmr/m/n on input line 83.
LaTeX Font Info:    Try loading font information for TS1+cmr on input line 83.
 (/usr/local/texlive/2015/texmf-dist/tex/latex/base/ts1cmr.fd
File: ts1cmr.fd 2014/09/29 v2.5h Standard LaTeX font definitions
)
LaTeX Font Info:    ... okay on input line 83.
LaTeX Font Info:    Try loading font information for T1+ppl on input line 83.

(/usr/local/texlive/2015/texmf-dist/tex/latex/psnfss/t1ppl.fd
File: t1ppl.fd 2001/06/04 font definitions for T1/ppl.
)
*geometry* driver: auto-detecting
*geometry* detected driver: pdftex
*geometry* verbose mode - [ preamble ] result:
* driver: pdftex
* paper: <default>
* layout: <same size as paper>
* layoutoffset:(h,v)=(0.0pt,0.0pt)
* hratio: 3:2
* vratio: 1:1
* modes: twoside 
* h-part:(L,W,R)=(130.086pt, 397.48499pt, 86.72401pt)
* v-part:(T,H,B)=(108.405pt, 578.15999pt, 108.405pt)
* \paperwidth=614.295pt
* \paperheight=794.96999pt
* \textwidth=397.48499pt
* \textheight=578.15999pt
* \oddsidemargin=57.81601pt
* \evensidemargin=14.45403pt
* \topmargin=6.06752pt
* \headheight=12.0pt
* \headsep=18.06749pt
* \topskip=10.0pt
* \footskip=25.29494pt
* \marginparwidth=125.0pt
* \marginparsep=7.0pt
* \columnsep=10.0pt
* \skip\footins=9.0pt plus 4.0pt minus 2.0pt
* \hoffset=0.0pt
* \voffset=0.0pt
* \mag=1000
* \@twocolumnfalse
* \@twosidetrue
* \@mparswitchtrue
* \@reversemarginfalse
* (1in=72.27pt=25.4mm, 1cm=28.453pt)

(/usr/local/texlive/2015/texmf-dist/tex/context/base/supp-pdf.mkii
[Loading MPS to PDF converter (version 2006.09.02).]
\scratchcounter=\count121
\scratchdimen=\dimen122
\scratchbox=\box35
\nofMPsegments=\count122
\nofMParguments=\count123
\everyMPshowfont=\toks29
\MPscratchCnt=\count124
\MPscratchDim=\dimen123
\MPnumerator=\count125
\makeMPintoPDFobject=\count126
\everyMPtoPDFconversion=\toks30
) (/usr/local/texlive/2015/texmf-dist/tex/generic/oberdiek/pdftexcmds.sty
Package: pdftexcmds 2011/11/29 v0.20 Utility functions of pdfTeX for LuaTeX (HO
)

(/usr/local/texlive/2015/texmf-dist/tex/generic/oberdiek/ifluatex.sty
Package: ifluatex 2010/03/01 v1.3 Provides the ifluatex switch (HO)
Package ifluatex Info: LuaTeX not detected.
)
Package pdftexcmds Info: LuaTeX not detected.
Package pdftexcmds Info: \pdf@primitive is available.
Package pdftexcmds Info: \pdf@ifprimitive is available.
Package pdftexcmds Info: \pdfdraftmode found.
)
(/usr/local/texlive/2015/texmf-dist/tex/latex/oberdiek/epstopdf-base.sty
Package: epstopdf-base 2010/02/09 v2.5 Base part for package epstopdf

(/usr/local/texlive/2015/texmf-dist/tex/latex/oberdiek/grfext.sty
Package: grfext 2010/08/19 v1.1 Manage graphics extensions (HO)

(/usr/local/texlive/2015/texmf-dist/tex/generic/oberdiek/kvdefinekeys.sty
Package: kvdefinekeys 2011/04/07 v1.3 Define keys (HO)
))
(/usr/local/texlive/2015/texmf-dist/tex/latex/oberdiek/kvoptions.sty
Package: kvoptions 2011/06/30 v3.11 Key value format for package options (HO)

(/usr/local/texlive/2015/texmf-dist/tex/generic/oberdiek/kvsetkeys.sty
Package: kvsetkeys 2012/04/25 v1.16 Key value parser (HO)

(/usr/local/texlive/2015/texmf-dist/tex/generic/oberdiek/etexcmds.sty
Package: etexcmds 2011/02/16 v1.5 Avoid name clashes with e-TeX commands (HO)
Package etexcmds Info: Could not find \expanded.
(etexcmds)             That can mean that you are not using pdfTeX 1.50 or
(etexcmds)             that some package has redefined \expanded.
(etexcmds)             In the latter case, load this package earlier.
)))
Package grfext Info: Graphics extension search list:
(grfext)             [.png,.pdf,.jpg,.mps,.jpeg,.jbig2,.jb2,.PNG,.PDF,.JPG,.JPE
G,.JBIG2,.JB2,.eps]
(grfext)             \AppendGraphicsExtensions on input line 452.

(/usr/local/texlive/2015/texmf-dist/tex/latex/latexconfig/epstopdf-sys.cfg
File: epstopdf-sys.cfg 2010/07/13 v1.3 Configuration of (r)epstopdf for TeX Liv
e
))
\c@exercise=\count127

(./latexonly) [1


{/usr/local/texlive/2015/texmf-var/fonts/map/pdftex/updmap/pdftex.map}] [2] [3]
LaTeX Font Info:    Try loading font information for TS1+ppl on input line 189.

 (/usr/local/texlive/2015/texmf-dist/tex/latex/psnfss/ts1ppl.fd
File: ts1ppl.fd 2001/06/04 font definitions for TS1/ppl.
)
LaTeX Font Info:    Font shape `T1/ppl/bx/n' in size <9> not available
(Font)              Font shape `T1/ppl/b/n' tried instead on input line 196.
LaTeX Font Info:    Try loading font information for T1+cmtt on input line 213.

 (/usr/local/texlive/2015/texmf-dist/tex/latex/base/t1cmtt.fd
File: t1cmtt.fd 2014/09/29 v2.5h Standard LaTeX font definitions
)
LaTeX Font Info:    Try loading font information for OT1+ppl on input line 213.


(/usr/local/texlive/2015/texmf-dist/tex/latex/psnfss/ot1ppl.fd
File: ot1ppl.fd 2001/06/04 font definitions for OT1/ppl.
)
LaTeX Font Info:    Try loading font information for OML+zplm on input line 213
.

(/usr/local/texlive/2015/texmf-dist/tex/latex/psnfss/omlzplm.fd
File: omlzplm.fd 2002/09/08 Fontinst v1.914 font definitions for OML/zplm.
)
LaTeX Font Info:    Try loading font information for OMS+zplm on input line 213
.

(/usr/local/texlive/2015/texmf-dist/tex/latex/psnfss/omszplm.fd
File: omszplm.fd 2002/09/08 Fontinst v1.914 font definitions for OMS/zplm.
)
LaTeX Font Info:    Try loading font information for OMX+zplm on input line 213
.

(/usr/local/texlive/2015/texmf-dist/tex/latex/psnfss/omxzplm.fd
File: omxzplm.fd 2002/09/08 Fontinst v1.914 font definitions for OMX/zplm.
)
LaTeX Font Info:    Try loading font information for OT1+zplm on input line 213
.

(/usr/local/texlive/2015/texmf-dist/tex/latex/psnfss/ot1zplm.fd
File: ot1zplm.fd 2002/09/08 Fontinst v1.914 font definitions for OT1/zplm.
)
LaTeX Font Info:    Font shape `U/msa/m/n' will be
(Font)              scaled to size 9.37807pt on input line 213.
LaTeX Font Info:    Font shape `U/msa/m/n' will be
(Font)              scaled to size 7.29405pt on input line 213.
LaTeX Font Info:    Font shape `U/msa/m/n' will be
(Font)              scaled to size 5.21004pt on input line 213.
LaTeX Font Info:    Font shape `U/msb/m/n' will be
(Font)              scaled to size 9.37807pt on input line 213.
LaTeX Font Info:    Font shape `U/msb/m/n' will be
(Font)              scaled to size 7.29405pt on input line 213.
LaTeX Font Info:    Font shape `U/msb/m/n' will be
(Font)              scaled to size 5.21004pt on input line 213.

Excluding 'htmlonly' comment. [4]
LaTeX Font Info:    Font shape `T1/ppl/bx/n' in size <24.88> not available
(Font)              Font shape `T1/ppl/b/n' tried instead on input line 263.
LaTeX Font Info:    Font shape `T1/ppl/bx/n' in size <14.4> not available
(Font)              Font shape `T1/ppl/b/n' tried instead on input line 265.
LaTeX Font Info:    Font shape `T1/ppl/bx/n' in size <10> not available
(Font)              Font shape `T1/ppl/b/n' tried instead on input line 295.
LaTeX Font Info:    Font shape `U/msa/m/n' will be
(Font)              scaled to size 10.42007pt on input line 320.
LaTeX Font Info:    Font shape `U/msa/m/n' will be
(Font)              scaled to size 7.91925pt on input line 320.
LaTeX Font Info:    Font shape `U/msa/m/n' will be
(Font)              scaled to size 6.25204pt on input line 320.
LaTeX Font Info:    Font shape `U/msb/m/n' will be
(Font)              scaled to size 10.42007pt on input line 320.
LaTeX Font Info:    Font shape `U/msb/m/n' will be
(Font)              scaled to size 7.91925pt on input line 320.
LaTeX Font Info:    Font shape `U/msb/m/n' will be
(Font)              scaled to size 6.25204pt on input line 320.
 [5

]
LaTeX Font Info:    Font shape `U/msa/m/n' will be
(Font)              scaled to size 8.33606pt on input line 358.
LaTeX Font Info:    Font shape `U/msb/m/n' will be
(Font)              scaled to size 8.33606pt on input line 358.
 [6] [7] [8

] (./book.toc [9

] [10] [11]
[12])
\tf@toc=\write5
\openout5 = `book.toc'.

 [13] [14

]
Chapter 1.
LaTeX Font Info:    Font shape `T1/ppl/bx/n' in size <20.74> not available
(Font)              Font shape `T1/ppl/b/n' tried instead on input line 455.
[1


]
Underfull \hbox (badness 1412) in paragraph at lines 543--549
[]\T1/ppl/m/n/10 Most peo-ple find this kind of ex-pla-na-tion sat-is-fy-ing. I
t in-cludes a math-e-mat-i-cal
 []

[2] [3] [4] [5] [6] [7] [8]
Chapter 2.
[9

] <figs/graph_examples.pdf, id=82, 525.965pt x 166.6225pt>
File: figs/graph_examples.pdf Graphic file (type pdf)

<use figs/graph_examples.pdf>
Package pdftex.def Info: figs/graph_examples.pdf used on input line 1192.
(pdftex.def)             Requested size: 397.48499pt x 125.92506pt.
 [10] [11 <./figs/graph_examples.pdf>]
LaTeX Font Info:    Try loading font information for TS1+cmtt on input line 127
5.

(/usr/local/texlive/2015/texmf-dist/tex/latex/base/ts1cmtt.fd
File: ts1cmtt.fd 2014/09/29 v2.5h Standard LaTeX font definitions
) [12] [13]
Underfull \hbox (badness 10000) in paragraph at lines 1505--1507
[]\T1/ppl/m/n/10 You can read about breadth-first-search at $\T1/cmtt/m/n/10 ht
tp : / / en . wikipedia . org / wiki /
 []

[14] [15] [16] [17] [18]
Chapter 3.
[19

] [20] [21] [22]
Underfull \hbox (badness 1400) in paragraph at lines 2098--2105
[]\T1/cmtt/m/n/10 keys\T1/ppl/m/n/10 , \T1/cmtt/m/n/10 values \T1/ppl/m/n/10 an
d \T1/cmtt/m/n/10 items \T1/ppl/m/n/10 are lin-ear be-cause they re-turn new li
sts; \T1/cmtt/m/n/10 iterkeys\T1/ppl/m/n/10 ,
 []

[23] [24] [25] [26] <figs/towers.pdf, id=147, 659.46375pt x 158.5925pt>
File: figs/towers.pdf Graphic file (type pdf)

<use figs/towers.pdf>
Package pdftex.def Info: figs/towers.pdf used on input line 2431.
(pdftex.def)             Requested size: 397.48499pt x 95.5918pt.
 [27 <./figs/towers.pdf>] [28]
Underfull \hbox (badness 1052) in paragraph at lines 2597--2602
[]\T1/ppl/m/n/10 I wrote three func-tions that con-cate-nate lists: []\T1/cmtt/
m/n/10 sum_plus \T1/ppl/m/n/10 uses \T1/cmtt/m/n/10 +=\T1/ppl/m/n/10 ; []\T1/cm
tt/m/n/10 sum_extend \T1/ppl/m/n/10 uses
 []

<figs/listsum1.pdf, id=156, 578.16pt x 433.62pt>
File: figs/listsum1.pdf Graphic file (type pdf)
 <use figs/listsum1.pdf>
Package pdftex.def Info: figs/listsum1.pdf used on input line 2604.
(pdftex.def)             Requested size: 240.90234pt x 180.67499pt.

<figs/listsum2.pdf, id=157, 578.16pt x 433.62pt>
File: figs/listsum2.pdf Graphic file (type pdf)
 <use figs/listsum2.pdf>
Package pdftex.def Info: figs/listsum2.pdf used on input line 2609.
(pdftex.def)             Requested size: 240.90234pt x 180.67499pt.

[29] [30 <./figs/listsum1.pdf> <./figs/listsum2.pdf>] [31] [32]
Chapter 4.
[33

]
Underfull \hbox (badness 1107) in paragraph at lines 2847--2850
[]\T1/ppl/m/n/10 Here is an im-ple-men-ta-tion based on Ray-mond Het-tinger's r
ecipe at $\T1/cmtt/m/n/10 http : / / code .
 []

[34] [35]
Underfull \hbox (badness 6094) in paragraph at lines 3063--3065
\T1/ppl/b/n/10 Exercise 4.4. \T1/ppl/m/it/10 Cre-ate a file named \T1/cmtt/m/n/
10 SmallWorldGraph.py \T1/ppl/m/it/10 and de-fine a class named
 []

[36] [37]
LaTeX Font Info:    Font shape `T1/ppl/bx/it' in size <14.4> not available
(Font)              Font shape `T1/ppl/b/it' tried instead on input line 3238.
 [38]
LaTeX Font Info:    Font shape `T1/ppl/bx/it' in size <10> not available
(Font)              Font shape `T1/ppl/b/it' tried instead on input line 3317.
 [39] [40

]
Chapter 5.
[41] <figs/cdf_example.pdf, id=255, 578.16pt x 433.62pt>
File: figs/cdf_example.pdf Graphic file (type pdf)

<use figs/cdf_example.pdf>
Package pdftex.def Info: figs/cdf_example.pdf used on input line 3441.
(pdftex.def)             Requested size: 216.81pt x 162.6071pt.
 [42] [43 <./figs/cdf_example.pdf>] [44] [45]
[46] [47] <figs/model.pdf, id=314, 185.493pt x 73.073pt>
File: figs/model.pdf Graphic file (type pdf)
 <use figs/model.pdf>
Package pdftex.def Info: figs/model.pdf used on input line 3895.
(pdftex.def)             Requested size: 366.96025pt x 144.54pt.

[48] [49 <./figs/model.pdf>] [50]
Chapter 6.
[51

] <figs/rule-50-10.pdf, id=361, 25.09375pt x 14.0525pt>
File: figs/rule-50-10.pdf Graphic file (type pdf)

<use figs/rule-50-10.pdf>
Package pdftex.def Info: figs/rule-50-10.pdf used on input line 4110.
(pdftex.def)             Requested size: 193.65694pt x 108.405pt.
 <figs/array.pdf, id=362, 295.1025pt x 150.5625pt>
File: figs/array.pdf Graphic file (type pdf)

<use figs/array.pdf>
Package pdftex.def Info: figs/array.pdf used on input line 4132.
(pdftex.def)             Requested size: 247.8979pt x 126.47249pt.
 [52 <./figs/rule-50-10.pdf>] [53 <./figs/array.pdf>]
Overfull \hbox (1.4176pt too wide) in paragraph at lines 4267--4267
[]        \T1/cmtt/m/n/10 msg = \TS1/cmtt/m/n/10 '\T1/cmtt/m/n/10 CADrawer is a
n abstract type and should not be instantiated.\TS1/cmtt/m/n/10 '[] 
 []

[54]
Underfull \hbox (badness 10000) in paragraph at lines 4296--4300
[]\T1/ppl/m/n/10 Abstract classes should not be in-stan-ti-ated; if you try, yo
u get an
 []

[55] <figs/rule-18-64.pdf, id=383, 133.49875pt x 68.255pt>
File: figs/rule-18-64.pdf Graphic file (type pdf)

<use figs/rule-18-64.pdf>
Package pdftex.def Info: figs/rule-18-64.pdf used on input line 4355.
(pdftex.def)             Requested size: 212.04196pt x 108.405pt.

<figs/rule-30-100.pdf, id=384, 205.76875pt x 104.39pt>
File: figs/rule-30-100.pdf Graphic file (type pdf)

<use figs/rule-30-100.pdf>
Package pdftex.def Info: figs/rule-30-100.pdf used on input line 4384.
(pdftex.def)             Requested size: 356.18538pt x 180.67499pt.
 [56 <./figs/rule-18-64.pdf>] [57 <./figs/rule-30-100.pdf>] [58] <figs/rule-110
-100.pdf, id=398, 205.76875pt x 104.39pt>
File: figs/rule-110-100.pdf Graphic file (type pdf)

<use figs/rule-110-100.pdf>
Package pdftex.def Info: figs/rule-110-100.pdf used on input line 4562.
(pdftex.def)             Requested size: 356.18538pt x 180.67499pt.

<figs/rule-110-600-random.pdf, id=399, 607.26875pt x 606.265pt>
File: figs/rule-110-600-random.pdf Graphic file (type pdf)

<use figs/rule-110-600-random.pdf>
Package pdftex.def Info: figs/rule-110-600-random.pdf used on input line 4586.
(pdftex.def)             Requested size: 397.4906pt x 397.49039pt.
 [59 <./figs/rule-110-100.pdf>] [60 <./figs/rule-110-600-random.pdf>] [61] [62]

<figs/model3.pdf, id=418, 200.75pt x 113.223pt>
File: figs/model3.pdf Graphic file (type pdf)
 <use figs/model3.pdf>
Package pdftex.def Info: figs/model3.pdf used on input line 4839.
(pdftex.def)             Requested size: 320.35497pt x 180.67499pt.
 [63]
[64 <./figs/model3.pdf>] [65] [66

]
Chapter 7.
[67] [68] [69] [70] [71] [72] [73] [74]
Chapter 8.
<figs/fractal-254-4.pdf, id=527, 578.16pt x 433.62pt>
File: figs/fractal-254-4.pdf Graphic file (type pdf)

<use figs/fractal-254-4.pdf>
Package pdftex.def Info: figs/fractal-254-4.pdf used on input line 5511.
(pdftex.def)             Requested size: 67.44418pt x 50.58878pt.

<figs/fractal-254-8.pdf, id=528, 578.16pt x 433.62pt>
File: figs/fractal-254-8.pdf Graphic file (type pdf)

<use figs/fractal-254-8.pdf>
Package pdftex.def Info: figs/fractal-254-8.pdf used on input line 5516.
(pdftex.def)             Requested size: 134.89719pt x 101.17755pt.
 [75

]
File: figs/rule-18-64.pdf Graphic file (type pdf)
 <use figs/rule-18-64.pdf>
Package pdftex.def Info: figs/rule-18-64.pdf used on input line 5543.
(pdftex.def)             Requested size: 353.40327pt x 180.67499pt.

<figs/fractal_dim-18-64.pdf, id=532, 578.16pt x 433.62pt>
File: figs/fractal_dim-18-64.pdf Graphic file (type pdf)

<use figs/fractal_dim-18-64.pdf>
Package pdftex.def Info: figs/fractal_dim-18-64.pdf used on input line 5548.
(pdftex.def)             Requested size: 252.94499pt x 189.70828pt.
 [76 <./figs/fractal-254-4.pdf> <./figs/fractal-254-8.pdf>] [77 <./figs/fractal
_dim-18-64.pdf>] [78] [79] [80

]
Chapter 9.
[81] [82] [83] [84] [85] <figs/model2.pdf, id=605, 286.671pt x 73.073pt>
File: figs/model2.pdf Graphic file (type pdf)

<use figs/model2.pdf>
Package pdftex.def Info: figs/model2.pdf used on input line 6143.
(pdftex.def)             Requested size: 361.34999pt x 92.1126pt.
 [86 <./figs/model2.pdf>] [87] [88] [89] [90

]
Chapter 10.
[91]
Underfull \hbox (badness 10000) in paragraph at lines 6481--6483
[]\T1/ppl/m/n/10 For more about agent-based mod-el-ing, see $\T1/cmtt/m/n/10 ht
tp : / / en . wikipedia . org / wiki /
 []

[92]
Underfull \hbox (badness 4832) in paragraph at lines 6499--6503
[]\T1/ppl/m/n/10 You can down-load my pro-gram from $\T1/cmtt/m/n/10 thinkcompl
ex . com / Highway . py$\T1/ppl/m/n/10 . It uses
 []


Underfull \hbox (badness 1242) in paragraph at lines 6522--6527
[]\T1/ppl/m/n/10 If the fol-low-ing dis-tance is too short, the \T1/cmtt/m/n/10
 Driver \T1/ppl/m/n/10 brakes; oth-er-wise it ac-cel-er-ates.
 []

[93] [94] [95] [96] [97] [98] [99] [100

]
Chapter 11.
[101]
LaTeX Font Info:    Font shape `T1/ppl/bx/n' in size <12> not available
(Font)              Font shape `T1/ppl/b/n' tried instead on input line 7052.

Overfull \hbox (1.4176pt too wide) in paragraph at lines 7080--7080
[]              \T1/cmtt/m/n/10 health_color = (0, 0, loc.get_sugar_amt()/loc.g
et_max_sugar())[] 
 []

[102] <figs/pmf_notax.pdf, id=703, 587.19376pt x 442.65375pt>
File: figs/pmf_notax.pdf Graphic file (type pdf)

<use figs/pmf_notax.pdf>
Package pdftex.def Info: figs/pmf_notax.pdf used on input line 7124.
(pdftex.def)             Requested size: 216.81pt x 163.44159pt.

<figs/pmf_20percent.pdf, id=704, 587.19376pt x 442.65375pt>
File: figs/pmf_20percent.pdf Graphic file (type pdf)

<use figs/pmf_20percent.pdf>
Package pdftex.def Info: figs/pmf_20percent.pdf used on input line 7152.
(pdftex.def)             Requested size: 216.81pt x 163.44159pt.
 [103]
<figs/gini_coeff.pdf, id=708, 587.19376pt x 442.65375pt>
File: figs/gini_coeff.pdf Graphic file (type pdf)

<use figs/gini_coeff.pdf>
Package pdftex.def Info: figs/gini_coeff.pdf used on input line 7157.
(pdftex.def)             Requested size: 216.81pt x 163.44159pt.

<figs/mean_wealth.pdf, id=709, 587.19376pt x 442.65375pt>
File: figs/mean_wealth.pdf Graphic file (type pdf)

<use figs/mean_wealth.pdf>
Package pdftex.def Info: figs/mean_wealth.pdf used on input line 7171.
(pdftex.def)             Requested size: 216.81pt x 163.44159pt.

<figs/bottom_quartile.pdf, id=710, 700.11563pt x 453.49423pt>
File: figs/bottom_quartile.pdf Graphic file (type pdf)

<use figs/bottom_quartile.pdf>
Package pdftex.def Info: figs/bottom_quartile.pdf used on input line 7185.
(pdftex.def)             Requested size: 216.81pt x 140.43643pt.

Underfull \vbox (badness 5403) has occurred while \output is active []

 [104 <./figs/pmf_notax.pdf> <./figs/pmf_20percent.pdf>] [105 <./figs/gini_coef
f.pdf> <./figs/mean_wealth.pdf>] [106 <./figs/bottom_quartile.pdf>]
Chapter 12.
[107

] <figs/antchoice.jpg, id=896, 344.78813pt x 184.43906pt>
File: figs/antchoice.jpg Graphic file (type jpg)

<use figs/antchoice.jpg>
Package pdftex.def Info: figs/antchoice.jpg used on input line 7273.
(pdftex.def)             Requested size: 216.81pt x 115.98051pt.
 <figs/plot.jpg, id=897, 207.64902pt x 203.57747pt>
File: figs/plot.jpg Graphic file (type jpg)

<use figs/plot.jpg>
Package pdftex.def Info: figs/plot.jpg used on input line 7287.
(pdftex.def)             Requested size: 289.07999pt x 283.4409pt.
 [108 <./figs/antchoice.jpg>] [109 <./figs/plot.jpg>]
[110] [111] [112]
Chapter 13.
[113

] [114] [115] [116]
Chapter 14.
[117

]
Underfull \hbox (badness 1546) in paragraph at lines 7861--7865
\T1/ppl/b/n/10 Exercise 14.1. \T1/ppl/m/it/10 Read about the By-stander Ef-fect
 at $\T1/cmtt/m/it/10 http : / / en . wikipedia . org / wiki /
 []

[118] [119]
<figs/replicateNorms_stableBV_06.pdf, id=936, 589.00049pt x 444.4605pt>
File: figs/replicateNorms_stableBV_06.pdf Graphic file (type pdf)

<use figs/replicateNorms_stableBV_06.pdf>
Package pdftex.def Info: figs/replicateNorms_stableBV_06.pdf used on input line
 7972.
(pdftex.def)             Requested size: 298.11374pt x 224.96281pt.
 [120 <./figs/replicateNorms_stableBV_06.pdf>] <figs/varyCP_09.pdf, id=971, 589
.00049pt x 444.4605pt>
File: figs/varyCP_09.pdf Graphic file (type pdf)

<use figs/varyCP_09.pdf>
Package pdftex.def Info: figs/varyCP_09.pdf used on input line 8046.
(pdftex.def)             Requested size: 298.11374pt x 224.96281pt.
 [121 <./figs/varyCP_09.pdf>] [122]
Appendix A.
[123

] [124

]
Appendix B.
[125] (./book.ind [126] [127

] [128] [129] [130] [131] [132] [133

]) [134


]
(./book.aux) ) 
Here is how much of TeX's memory you used:
 4984 strings out of 493089
 69256 string characters out of 6134842
 126212 words of memory out of 5000000
 8285 multiletter control sequences out of 15000+600000
 57444 words of font info for 126 fonts, out of 8000000 for 9000
 1141 hyphenation exceptions out of 8191
 38i,11n,43p,249b,403s stack positions out of 5000i,500n,10000p,200000b,80000s
{/usr/local/texlive/2015/texmf-dist/fonts/enc/dvips/base/8r.enc}{
/usr/local/texlive/2015/texmf-dist/fonts/enc/dvips/cm-super/cm-super-t1.enc}{/u
sr/local/texlive/2015/texmf-dist/fonts/enc/dvips/cm-super/cm-super-ts1.enc}</us
r/local/texlive/2015/texmf-dist/fonts/type1/public/amsfonts/cm/cmex10.pfb></usr
/local/texlive/2015/texmf-dist/fonts/type1/public/amsfonts/cm/cmmi10.pfb></usr/
local/texlive/2015/texmf-dist/fonts/type1/public/amsfonts/cm/cmr10.pfb></usr/lo
cal/texlive/2015/texmf-dist/fonts/type1/public/amsfonts/cm/cmsy10.pfb></usr/loc
al/texlive/2015/texmf-dist/fonts/type1/public/mathpazo/fplmr.pfb></usr/local/te
xlive/2015/texmf-dist/fonts/type1/public/mathpazo/fplmri.pfb></usr/local/texliv
e/2015/texmf-dist/fonts/type1/public/cm-super/sfit1000.pfb></usr/local/texlive/
2015/texmf-dist/fonts/type1/public/cm-super/sftt0800.pfb></usr/local/texlive/20
15/texmf-dist/fonts/type1/public/cm-super/sftt0900.pfb></usr/local/texlive/2015
/texmf-dist/fonts/type1/public/cm-super/sftt1000.pfb></usr/local/texlive/2015/t
exmf-dist/fonts/type1/public/cm-super/sftt1440.pfb></usr/local/texlive/2015/tex
mf-dist/fonts/type1/urw/palatino/uplb8a.pfb></usr/local/texlive/2015/texmf-dist
/fonts/type1/urw/palatino/uplbi8a.pfb></usr/local/texlive/2015/texmf-dist/fonts
/type1/urw/palatino/uplr8a.pfb></usr/local/texlive/2015/texmf-dist/fonts/type1/
urw/palatino/uplri8a.pfb>
Output written on book.pdf (148 pages, 1291249 bytes).
PDF statistics:
 1111 PDF objects out of 1200 (max. 8388607)
 554 compressed objects within 6 object streams
 0 named destinations out of 1000 (max. 500000)
 131 words of extra memory for PDF output out of 10000 (max. 10000000)

